<?xml version="1.0" encoding="utf-8" ?>
<!DOCTYPE html PUBLIC "-//W3C//DTD XHTML 1.0 Strict//EN"
        "http://www.w3.org/TR/xhtml1/DTD/xhtml1-strict.dtd">
<html xmlns="http://www.w3.org/1999/xhtml" xml:lang="" lang="">
<head>
  <title>Test Results Report - Chrome Test</title>
  <meta http-equiv="Content-Type" content="text/html;charset=utf-8" />
  <meta name="description" content="TestNG unit test results." />
  <link href="reportng.css" rel="stylesheet" type="text/css" />
    <script type="text/javascript" src="reportng.js"></script>
</head>
<body>
<h1>Chrome Test</h1>
<p>
  Test duration: 15.265s
</p>



  <table class="resultsTable">
    <tr><th colspan="3" class="header failed">Failed Tests</th></tr>
          <tr>
        <td colspan="3" class="group">testngFrameworkAdvance.handleThreadPoolSize.ThreadPoolSize</td>
      </tr>
            
<tr>
  <td class="method">
                  executeTest
      </td>
  <td class="duration">
    3.006s
  </td>
  <td class="result">
        
          <i>Method arguments: </i><span class="arguments">"Chrome"</span><br />
    
            <div class="testOutput">
                        <a href="/Users/kunalchavan/git/Selenium3_4/Selenium3_4/Selenium WebElement ScreenShots/full page screenshot.jpg" target="_blank">Screenshot link</a>
                                <br>
                                <a href="/Users/kunalchavan/git/Selenium3_4/Selenium3_4/Selenium WebElement ScreenShots/full page screenshot.jpg" target="_blank"><img height=200 width=200 src="/Users/kunalchavan/git/Selenium3_4/Selenium3_4/Selenium WebElement ScreenShots/full page screenshot.jpg"></a>
                  </div>
    

        <a href="javascript:toggleElement('exception-0', 'block')" title="Click to expand/collapse"><b>org.openqa.selenium.WebDriverException: java.io.IOException: Output closed<br/>
Build info: version: &apos;4.33.0&apos;, revision: &apos;2c6aaad03a&apos;<br/>
System info: os.name: &apos;Mac OS X&apos;, os.arch: &apos;aarch64&apos;, os.version: &apos;15.5&apos;, java.version: &apos;24.0.1&apos;<br/>
Driver info: driver.version: ChromiumDriver</b></a><br />
    <div class="stackTrace" id="exception-0">
              org.openqa.selenium.remote.http.jdk.JdkHttpClient$4.send(JdkHttpClient.java:325)<br />
              org.openqa.selenium.remote.http.jdk.JdkHttpClient$4.close(JdkHttpClient.java:344)<br />
              org.openqa.selenium.devtools.Connection.close(Connection.java:226)<br />
              org.openqa.selenium.devtools.DevTools.close(DevTools.java:61)<br />
              java.base/java.util.Optional.ifPresent(Optional.java:178)<br />
              org.openqa.selenium.remote.RemoteWebDriver.quit(RemoteWebDriver.java:438)<br />
              org.openqa.selenium.chromium.ChromiumDriver.quit(ChromiumDriver.java:442)<br />
              testngFrameworkAdvance.handleThreadPoolSize.ThreadPoolSize.executeTest(ThreadPoolSize.java:18)<br />
              java.base/jdk.internal.reflect.DirectMethodHandleAccessor.invoke(DirectMethodHandleAccessor.java:104)<br />
              java.base/java.lang.reflect.Method.invoke(Method.java:565)<br />
              org.testng.internal.invokers.MethodInvocationHelper.invokeMethod(MethodInvocationHelper.java:141)<br />
              org.testng.internal.invokers.TestInvoker.invokeMethod(TestInvoker.java:686)<br />
              org.testng.internal.invokers.TestInvoker.invokeTestMethod(TestInvoker.java:230)<br />
              org.testng.internal.invokers.MethodRunner.runInSequence(MethodRunner.java:63)<br />
              org.testng.internal.invokers.TestInvoker$MethodInvocationAgent.invoke(TestInvoker.java:992)<br />
              org.testng.internal.invokers.TestInvoker.invokeTestMethods(TestInvoker.java:203)<br />
              org.testng.internal.invokers.TestMethodWorker.invokeTestMethods(TestMethodWorker.java:154)<br />
              org.testng.internal.invokers.TestMethodWorker.run(TestMethodWorker.java:134)<br />
              org.testng.internal.thread.ThreadUtil.lambda$execute$0(ThreadUtil.java:64)<br />
              java.base/java.util.concurrent.FutureTask.run(FutureTask.java:328)<br />
              java.base/java.util.concurrent.ThreadPoolExecutor.runWorker(ThreadPoolExecutor.java:1095)<br />
              java.base/java.util.concurrent.ThreadPoolExecutor$Worker.run(ThreadPoolExecutor.java:619)<br />
              java.base/java.lang.Thread.run(Thread.java:1447)<br />
                    <b>Caused by: </b> <a href="javascript:toggleElement('exception-1', 'block')" title="Click to expand/collapse">java.io.IOException: Output closed</a><br />
        <div class="stackTrace" id="exception-1">
                      java.net.http/jdk.internal.net.http.websocket.WebSocketImpl.sendClose(WebSocketImpl.java:313)<br />
                      org.openqa.selenium.remote.http.jdk.JdkHttpClient$4.lambda$send$2(JdkHttpClient.java:290)<br />
                      org.openqa.selenium.remote.http.jdk.JdkHttpClient$4.send(JdkHttpClient.java:315)<br />
                      org.openqa.selenium.remote.http.jdk.JdkHttpClient$4.close(JdkHttpClient.java:344)<br />
                      org.openqa.selenium.devtools.Connection.close(Connection.java:226)<br />
                      org.openqa.selenium.devtools.DevTools.close(DevTools.java:61)<br />
                      java.base/java.util.Optional.ifPresent(Optional.java:178)<br />
                      org.openqa.selenium.remote.RemoteWebDriver.quit(RemoteWebDriver.java:438)<br />
                      org.openqa.selenium.chromium.ChromiumDriver.quit(ChromiumDriver.java:442)<br />
                      testngFrameworkAdvance.handleThreadPoolSize.ThreadPoolSize.executeTest(ThreadPoolSize.java:18)<br />
                      java.base/jdk.internal.reflect.DirectMethodHandleAccessor.invoke(DirectMethodHandleAccessor.java:104)<br />
                      java.base/java.lang.reflect.Method.invoke(Method.java:565)<br />
                      org.testng.internal.invokers.MethodInvocationHelper.invokeMethod(MethodInvocationHelper.java:141)<br />
                      org.testng.internal.invokers.TestInvoker.invokeMethod(TestInvoker.java:686)<br />
                      org.testng.internal.invokers.TestInvoker.invokeTestMethod(TestInvoker.java:230)<br />
                      org.testng.internal.invokers.MethodRunner.runInSequence(MethodRunner.java:63)<br />
                      org.testng.internal.invokers.TestInvoker$MethodInvocationAgent.invoke(TestInvoker.java:992)<br />
                      org.testng.internal.invokers.TestInvoker.invokeTestMethods(TestInvoker.java:203)<br />
                      org.testng.internal.invokers.TestMethodWorker.invokeTestMethods(TestMethodWorker.java:154)<br />
                      org.testng.internal.invokers.TestMethodWorker.run(TestMethodWorker.java:134)<br />
                      org.testng.internal.thread.ThreadUtil.lambda$execute$0(ThreadUtil.java:64)<br />
                      java.base/java.util.concurrent.FutureTask.run(FutureTask.java:328)<br />
                      java.base/java.util.concurrent.ThreadPoolExecutor.runWorker(ThreadPoolExecutor.java:1095)<br />
                      java.base/java.util.concurrent.ThreadPoolExecutor$Worker.run(ThreadPoolExecutor.java:619)<br />
                      java.base/java.lang.Thread.run(Thread.java:1447)<br />
                  </div>
          </div>
      </td>
</tr>
<tr>
  <td class="method">
                  executeTest
      </td>
  <td class="duration">
    3.077s
  </td>
  <td class="result">
        
          <i>Method arguments: </i><span class="arguments">"Chrome"</span><br />
    
            <div class="testOutput">
                        <a href="/Users/kunalchavan/git/Selenium3_4/Selenium3_4/Selenium WebElement ScreenShots/full page screenshot.jpg" target="_blank">Screenshot link</a>
                                <br>
                                <a href="/Users/kunalchavan/git/Selenium3_4/Selenium3_4/Selenium WebElement ScreenShots/full page screenshot.jpg" target="_blank"><img height=200 width=200 src="/Users/kunalchavan/git/Selenium3_4/Selenium3_4/Selenium WebElement ScreenShots/full page screenshot.jpg"></a>
                  </div>
    

        <a href="javascript:toggleElement('exception-2', 'block')" title="Click to expand/collapse"><b>org.openqa.selenium.WebDriverException: Timed out waiting for driver server to stop.<br/>
Build info: version: &apos;4.33.0&apos;, revision: &apos;2c6aaad03a&apos;<br/>
System info: os.name: &apos;Mac OS X&apos;, os.arch: &apos;aarch64&apos;, os.version: &apos;15.5&apos;, java.version: &apos;24.0.1&apos;<br/>
Driver info: org.openqa.selenium.chrome.ChromeDriver<br/>
Command: [0801f652034b0b4d8c7bea93a66a5da5, quit {}]<br/>
Capabilities {acceptInsecureCerts: false, browserName: chrome, browserVersion: 138.0.7204.50, chrome: {chromedriverVersion: 138.0.7204.49 (d2b48fd5f781..., userDataDir: /var/folders/03/hcnh39r5371...}, fedcm:accounts: true, goog:chromeOptions: {debuggerAddress: localhost:53853}, networkConnectionEnabled: false, pageLoadStrategy: normal, platformName: mac, proxy: Proxy(), se:cdp: ws://localhost:53853/devtoo..., se:cdpVersion: 138.0.7204.50, setWindowRect: true, strictFileInteractability: false, timeouts: {implicit: 0, pageLoad: 300000, script: 30000}, unhandledPromptBehavior: dismiss and notify, webauthn:extension:credBlob: true, webauthn:extension:largeBlob: true, webauthn:extension:minPinLength: true, webauthn:extension:prf: true, webauthn:virtualAuthenticators: true}</b></a><br />
    <div class="stackTrace" id="exception-2">
              org.openqa.selenium.remote.service.DriverCommandExecutor.execute(DriverCommandExecutor.java:164)<br />
              org.openqa.selenium.remote.RemoteWebDriver.execute(RemoteWebDriver.java:544)<br />
              org.openqa.selenium.remote.RemoteWebDriver.execute(RemoteWebDriver.java:617)<br />
              org.openqa.selenium.remote.RemoteWebDriver.execute(RemoteWebDriver.java:621)<br />
              org.openqa.selenium.remote.RemoteWebDriver.quit(RemoteWebDriver.java:445)<br />
              org.openqa.selenium.chromium.ChromiumDriver.quit(ChromiumDriver.java:442)<br />
              testngFrameworkAdvance.handleThreadPoolSize.ThreadPoolSize.executeTest(ThreadPoolSize.java:18)<br />
              java.base/jdk.internal.reflect.DirectMethodHandleAccessor.invoke(DirectMethodHandleAccessor.java:104)<br />
              java.base/java.lang.reflect.Method.invoke(Method.java:565)<br />
              org.testng.internal.invokers.MethodInvocationHelper.invokeMethod(MethodInvocationHelper.java:141)<br />
              org.testng.internal.invokers.TestInvoker.invokeMethod(TestInvoker.java:686)<br />
              org.testng.internal.invokers.TestInvoker.invokeTestMethod(TestInvoker.java:230)<br />
              org.testng.internal.invokers.MethodRunner.runInSequence(MethodRunner.java:63)<br />
              org.testng.internal.invokers.TestInvoker$MethodInvocationAgent.invoke(TestInvoker.java:992)<br />
              org.testng.internal.invokers.TestInvoker.invokeTestMethods(TestInvoker.java:203)<br />
              org.testng.internal.invokers.TestMethodWorker.invokeTestMethods(TestMethodWorker.java:154)<br />
              org.testng.internal.invokers.TestMethodWorker.run(TestMethodWorker.java:134)<br />
              org.testng.internal.thread.ThreadUtil.lambda$execute$0(ThreadUtil.java:64)<br />
              java.base/java.util.concurrent.FutureTask.run(FutureTask.java:328)<br />
              java.base/java.util.concurrent.ThreadPoolExecutor.runWorker(ThreadPoolExecutor.java:1095)<br />
              java.base/java.util.concurrent.ThreadPoolExecutor$Worker.run(ThreadPoolExecutor.java:619)<br />
              java.base/java.lang.Thread.run(Thread.java:1447)<br />
                    <b>Caused by: </b> <a href="javascript:toggleElement('exception-3', 'block')" title="Click to expand/collapse">java.util.concurrent.ExecutionException: java.util.concurrent.RejectedExecutionException: Task java.util.concurrent.FutureTask@1a2f45fd[Not completed, task = java.util.concurrent.Executors$RunnableAdapter@10d72e8d[Wrapped task = org.openqa.selenium.remote.http.jdk.JdkHttpClient$$Lambda/0x000001ff01235c70@1e10c2e7]] rejected from java.util.concurrent.ThreadPoolExecutor@6872789f[Shutting down, pool size = 5, active threads = 1, queued tasks = 0, completed tasks = 45]</a><br />
        <div class="stackTrace" id="exception-3">
                      java.base/java.util.concurrent.CompletableFuture.wrapInExecutionException(CompletableFuture.java:347)<br />
                      java.base/java.util.concurrent.CompletableFuture.reportGet(CompletableFuture.java:442)<br />
                      java.base/java.util.concurrent.CompletableFuture.get(CompletableFuture.java:2142)<br />
                      org.openqa.selenium.remote.service.DriverCommandExecutor.execute(DriverCommandExecutor.java:160)<br />
                      org.openqa.selenium.remote.RemoteWebDriver.execute(RemoteWebDriver.java:544)<br />
                      org.openqa.selenium.remote.RemoteWebDriver.execute(RemoteWebDriver.java:617)<br />
                      org.openqa.selenium.remote.RemoteWebDriver.execute(RemoteWebDriver.java:621)<br />
                      org.openqa.selenium.remote.RemoteWebDriver.quit(RemoteWebDriver.java:445)<br />
                      org.openqa.selenium.chromium.ChromiumDriver.quit(ChromiumDriver.java:442)<br />
                      testngFrameworkAdvance.handleThreadPoolSize.ThreadPoolSize.executeTest(ThreadPoolSize.java:18)<br />
                      java.base/jdk.internal.reflect.DirectMethodHandleAccessor.invoke(DirectMethodHandleAccessor.java:104)<br />
                      java.base/java.lang.reflect.Method.invoke(Method.java:565)<br />
                      org.testng.internal.invokers.MethodInvocationHelper.invokeMethod(MethodInvocationHelper.java:141)<br />
                      org.testng.internal.invokers.TestInvoker.invokeMethod(TestInvoker.java:686)<br />
                      org.testng.internal.invokers.TestInvoker.invokeTestMethod(TestInvoker.java:230)<br />
                      org.testng.internal.invokers.MethodRunner.runInSequence(MethodRunner.java:63)<br />
                      org.testng.internal.invokers.TestInvoker$MethodInvocationAgent.invoke(TestInvoker.java:992)<br />
                      org.testng.internal.invokers.TestInvoker.invokeTestMethods(TestInvoker.java:203)<br />
                      org.testng.internal.invokers.TestMethodWorker.invokeTestMethods(TestMethodWorker.java:154)<br />
                      org.testng.internal.invokers.TestMethodWorker.run(TestMethodWorker.java:134)<br />
                      org.testng.internal.thread.ThreadUtil.lambda$execute$0(ThreadUtil.java:64)<br />
                      java.base/java.util.concurrent.FutureTask.run(FutureTask.java:328)<br />
                      java.base/java.util.concurrent.ThreadPoolExecutor.runWorker(ThreadPoolExecutor.java:1095)<br />
                      java.base/java.util.concurrent.ThreadPoolExecutor$Worker.run(ThreadPoolExecutor.java:619)<br />
                      java.base/java.lang.Thread.run(Thread.java:1447)<br />
                  </div>
              <b>Caused by: </b> <a href="javascript:toggleElement('exception-4', 'block')" title="Click to expand/collapse">java.util.concurrent.RejectedExecutionException: Task java.util.concurrent.FutureTask@1a2f45fd[Not completed, task = java.util.concurrent.Executors$RunnableAdapter@10d72e8d[Wrapped task = org.openqa.selenium.remote.http.jdk.JdkHttpClient$$Lambda/0x000001ff01235c70@1e10c2e7]] rejected from java.util.concurrent.ThreadPoolExecutor@6872789f[Shutting down, pool size = 5, active threads = 1, queued tasks = 0, completed tasks = 45]</a><br />
        <div class="stackTrace" id="exception-4">
                      java.base/java.util.concurrent.ThreadPoolExecutor$AbortPolicy.rejectedExecution(ThreadPoolExecutor.java:2027)<br />
                      java.base/java.util.concurrent.ThreadPoolExecutor.reject(ThreadPoolExecutor.java:792)<br />
                      java.base/java.util.concurrent.ThreadPoolExecutor.execute(ThreadPoolExecutor.java:1328)<br />
                      java.base/java.util.concurrent.AbstractExecutorService.submit(AbstractExecutorService.java:124)<br />
                      org.openqa.selenium.remote.http.jdk.JdkHttpClient.executeAsync(JdkHttpClient.java:384)<br />
                      org.openqa.selenium.remote.http.jdk.JdkHttpClient.execute(JdkHttpClient.java:413)<br />
                      org.openqa.selenium.remote.HttpCommandExecutor.execute(HttpCommandExecutor.java:212)<br />
                      org.openqa.selenium.remote.service.DriverCommandExecutor.invokeExecute(DriverCommandExecutor.java:216)<br />
                      org.openqa.selenium.remote.service.DriverCommandExecutor.lambda$execute$1(DriverCommandExecutor.java:126)<br />
                      java.base/java.util.concurrent.CompletableFuture$AsyncSupply.run(CompletableFuture.java:1814)<br />
                      java.base/java.util.concurrent.ThreadPoolExecutor.runWorker(ThreadPoolExecutor.java:1095)<br />
                      java.base/java.util.concurrent.ThreadPoolExecutor$Worker.run(ThreadPoolExecutor.java:619)<br />
                      java.base/java.lang.Thread.run(Thread.java:1447)<br />
                  </div>
          </div>
      </td>
</tr>
<tr>
  <td class="method">
                  executeTest
      </td>
  <td class="duration">
    3.006s
  </td>
  <td class="result">
        
          <i>Method arguments: </i><span class="arguments">"Chrome"</span><br />
    
            <div class="testOutput">
                        <a href="/Users/kunalchavan/git/Selenium3_4/Selenium3_4/Selenium WebElement ScreenShots/full page screenshot.jpg" target="_blank">Screenshot link</a>
                                <br>
                                <a href="/Users/kunalchavan/git/Selenium3_4/Selenium3_4/Selenium WebElement ScreenShots/full page screenshot.jpg" target="_blank"><img height=200 width=200 src="/Users/kunalchavan/git/Selenium3_4/Selenium3_4/Selenium WebElement ScreenShots/full page screenshot.jpg"></a>
                  </div>
    

        <a href="javascript:toggleElement('exception-5', 'block')" title="Click to expand/collapse"><b>org.openqa.selenium.WebDriverException: java.io.IOException: Output closed<br/>
Build info: version: &apos;4.33.0&apos;, revision: &apos;2c6aaad03a&apos;<br/>
System info: os.name: &apos;Mac OS X&apos;, os.arch: &apos;aarch64&apos;, os.version: &apos;15.5&apos;, java.version: &apos;24.0.1&apos;<br/>
Driver info: driver.version: ChromiumDriver</b></a><br />
    <div class="stackTrace" id="exception-5">
              org.openqa.selenium.remote.http.jdk.JdkHttpClient$4.send(JdkHttpClient.java:325)<br />
              org.openqa.selenium.remote.http.jdk.JdkHttpClient$4.close(JdkHttpClient.java:344)<br />
              org.openqa.selenium.devtools.Connection.close(Connection.java:226)<br />
              org.openqa.selenium.devtools.DevTools.close(DevTools.java:61)<br />
              java.base/java.util.Optional.ifPresent(Optional.java:178)<br />
              org.openqa.selenium.remote.RemoteWebDriver.quit(RemoteWebDriver.java:438)<br />
              org.openqa.selenium.chromium.ChromiumDriver.quit(ChromiumDriver.java:442)<br />
              testngFrameworkAdvance.handleThreadPoolSize.ThreadPoolSize.executeTest(ThreadPoolSize.java:18)<br />
              java.base/jdk.internal.reflect.DirectMethodHandleAccessor.invoke(DirectMethodHandleAccessor.java:104)<br />
              java.base/java.lang.reflect.Method.invoke(Method.java:565)<br />
              org.testng.internal.invokers.MethodInvocationHelper.invokeMethod(MethodInvocationHelper.java:141)<br />
              org.testng.internal.invokers.TestInvoker.invokeMethod(TestInvoker.java:686)<br />
              org.testng.internal.invokers.TestInvoker.invokeTestMethod(TestInvoker.java:230)<br />
              org.testng.internal.invokers.MethodRunner.runInSequence(MethodRunner.java:63)<br />
              org.testng.internal.invokers.TestInvoker$MethodInvocationAgent.invoke(TestInvoker.java:992)<br />
              org.testng.internal.invokers.TestInvoker.invokeTestMethods(TestInvoker.java:203)<br />
              org.testng.internal.invokers.TestMethodWorker.invokeTestMethods(TestMethodWorker.java:154)<br />
              org.testng.internal.invokers.TestMethodWorker.run(TestMethodWorker.java:134)<br />
              org.testng.internal.thread.ThreadUtil.lambda$execute$0(ThreadUtil.java:64)<br />
              java.base/java.util.concurrent.FutureTask.run(FutureTask.java:328)<br />
              java.base/java.util.concurrent.ThreadPoolExecutor.runWorker(ThreadPoolExecutor.java:1095)<br />
              java.base/java.util.concurrent.ThreadPoolExecutor$Worker.run(ThreadPoolExecutor.java:619)<br />
              java.base/java.lang.Thread.run(Thread.java:1447)<br />
                    <b>Caused by: </b> <a href="javascript:toggleElement('exception-6', 'block')" title="Click to expand/collapse">java.io.IOException: Output closed</a><br />
        <div class="stackTrace" id="exception-6">
                      java.net.http/jdk.internal.net.http.websocket.WebSocketImpl.sendClose(WebSocketImpl.java:313)<br />
                      org.openqa.selenium.remote.http.jdk.JdkHttpClient$4.lambda$send$2(JdkHttpClient.java:290)<br />
                      org.openqa.selenium.remote.http.jdk.JdkHttpClient$4.send(JdkHttpClient.java:315)<br />
                      org.openqa.selenium.remote.http.jdk.JdkHttpClient$4.close(JdkHttpClient.java:344)<br />
                      org.openqa.selenium.devtools.Connection.close(Connection.java:226)<br />
                      org.openqa.selenium.devtools.DevTools.close(DevTools.java:61)<br />
                      java.base/java.util.Optional.ifPresent(Optional.java:178)<br />
                      org.openqa.selenium.remote.RemoteWebDriver.quit(RemoteWebDriver.java:438)<br />
                      org.openqa.selenium.chromium.ChromiumDriver.quit(ChromiumDriver.java:442)<br />
                      testngFrameworkAdvance.handleThreadPoolSize.ThreadPoolSize.executeTest(ThreadPoolSize.java:18)<br />
                      java.base/jdk.internal.reflect.DirectMethodHandleAccessor.invoke(DirectMethodHandleAccessor.java:104)<br />
                      java.base/java.lang.reflect.Method.invoke(Method.java:565)<br />
                      org.testng.internal.invokers.MethodInvocationHelper.invokeMethod(MethodInvocationHelper.java:141)<br />
                      org.testng.internal.invokers.TestInvoker.invokeMethod(TestInvoker.java:686)<br />
                      org.testng.internal.invokers.TestInvoker.invokeTestMethod(TestInvoker.java:230)<br />
                      org.testng.internal.invokers.MethodRunner.runInSequence(MethodRunner.java:63)<br />
                      org.testng.internal.invokers.TestInvoker$MethodInvocationAgent.invoke(TestInvoker.java:992)<br />
                      org.testng.internal.invokers.TestInvoker.invokeTestMethods(TestInvoker.java:203)<br />
                      org.testng.internal.invokers.TestMethodWorker.invokeTestMethods(TestMethodWorker.java:154)<br />
                      org.testng.internal.invokers.TestMethodWorker.run(TestMethodWorker.java:134)<br />
                      org.testng.internal.thread.ThreadUtil.lambda$execute$0(ThreadUtil.java:64)<br />
                      java.base/java.util.concurrent.FutureTask.run(FutureTask.java:328)<br />
                      java.base/java.util.concurrent.ThreadPoolExecutor.runWorker(ThreadPoolExecutor.java:1095)<br />
                      java.base/java.util.concurrent.ThreadPoolExecutor$Worker.run(ThreadPoolExecutor.java:619)<br />
                      java.base/java.lang.Thread.run(Thread.java:1447)<br />
                  </div>
          </div>
      </td>
</tr>
      </table>


  <table class="resultsTable">
    <tr><th colspan="3" class="header passed">Passed Tests</th></tr>
          <tr>
        <td colspan="3" class="group">testngFrameworkAdvance.handleThreadPoolSize.ThreadPoolSize</td>
      </tr>
            
<tr>
  <td class="method">
                  executeTest
      </td>
  <td class="duration">
    3.088s
  </td>
  <td class="result">
        
          <i>Method arguments: </i><span class="arguments">"Chrome"</span><br />
    
        

      </td>
</tr>
<tr>
  <td class="method">
                  executeTest
      </td>
  <td class="duration">
    3.088s
  </td>
  <td class="result">
        
          <i>Method arguments: </i><span class="arguments">"Chrome"</span><br />
    
        

      </td>
</tr>
      </table>
  
</body>
</html>
