<?xml version="1.0" encoding="UTF-8"?>
<!-- Generated by org.testng.reporters.JUnitReportReporter -->
<testsuite hostname="Kunals-MacBook-Pro.local" failures="1" tests="1" name="testng.testNGListeners.SoftAssertion" time="0.001" errors="0" timestamp="2025-06-28T17:55:43 IST" skipped="0">
  <testcase classname="testng.testNGListeners.SoftAssertion" name="validateTitle" time="0.001">
    <failure message="The following asserts failed:
	Actual message: Gmail is not equals to the expected: Google" type="java.lang.AssertionError">
      <![CDATA[java.lang.AssertionError: The following asserts failed:
Actual message: Gmail is not equals to the expected: Google
at org.testng.asserts.SoftAssert.assertAll(SoftAssert.java:46)
at org.testng.asserts.SoftAssert.assertAll(SoftAssert.java:30)
at testng.testNGListeners.SoftAssertion.validateTitle(SoftAssertion.java:15)
at java.base/jdk.internal.reflect.DirectMethodHandleAccessor.invoke(DirectMethodHandleAccessor.java:104)
at java.base/java.lang.reflect.Method.invoke(Method.java:565)
at org.testng.internal.invokers.MethodInvocationHelper.invokeMethod(MethodInvocationHelper.java:141)
at org.testng.internal.invokers.TestInvoker.invokeMethod(TestInvoker.java:686)
at org.testng.internal.invokers.TestInvoker.invokeTestMethod(TestInvoker.java:230)
at org.testng.internal.invokers.MethodRunner.runInSequence(MethodRunner.java:63)
at org.testng.internal.invokers.TestInvoker$MethodInvocationAgent.invoke(TestInvoker.java:992)
at org.testng.internal.invokers.TestInvoker.invokeTestMethods(TestInvoker.java:203)
at org.testng.internal.invokers.TestMethodWorker.invokeTestMethods(TestMethodWorker.java:154)
at org.testng.internal.invokers.TestMethodWorker.run(TestMethodWorker.java:134)
at java.base/java.util.ArrayList.forEach(ArrayList.java:1604)
at org.testng.TestRunner.privateRun(TestRunner.java:739)
at org.testng.TestRunner.run(TestRunner.java:614)
at org.testng.SuiteRunner.runTest(SuiteRunner.java:421)
at org.testng.SuiteRunner.runSequentially(SuiteRunner.java:413)
at org.testng.SuiteRunner.privateRun(SuiteRunner.java:373)
at org.testng.SuiteRunner.run(SuiteRunner.java:312)
at org.testng.SuiteRunnerWorker.runSuite(SuiteRunnerWorker.java:52)
at org.testng.SuiteRunnerWorker.run(SuiteRunnerWorker.java:95)
at org.testng.TestNG.runSuitesSequentially(TestNG.java:1274)
at org.testng.TestNG.runSuitesLocally(TestNG.java:1208)
at org.testng.TestNG.runSuites(TestNG.java:1112)
at org.testng.TestNG.run(TestNG.java:1079)
at org.testng.remote.AbstractRemoteTestNG.run(AbstractRemoteTestNG.java:115)
at org.testng.remote.RemoteTestNG.initAndRun(RemoteTestNG.java:293)
at org.testng.remote.RemoteTestNG.main(RemoteTestNG.java:91)
]]>
    </failure>
    <system-out>
      <![CDATA[<a href="/Users/kunalchavan/git/Selenium3_4/Selenium3_4/Selenium WebElement ScreenShots/full page screenshot.jpg" target="_blank">Screenshot link</a>
<br>
<a href="/Users/kunalchavan/git/Selenium3_4/Selenium3_4/Selenium WebElement ScreenShots/full page screenshot.jpg" target="_blank"><img height=200 width=200 src="/Users/kunalchavan/git/Selenium3_4/Selenium3_4/Selenium WebElement ScreenShots/full page screenshot.jpg"></a>]]>
    </system-out>
  </testcase> <!-- validateTitle -->
  <system-out>
    <![CDATA[<a href="/Users/kunalchavan/git/Selenium3_4/Selenium3_4/Selenium WebElement ScreenShots/full page screenshot.jpg" target="_blank">Screenshot link</a>
<br>
<a href="/Users/kunalchavan/git/Selenium3_4/Selenium3_4/Selenium WebElement ScreenShots/full page screenshot.jpg" target="_blank"><img height=200 width=200 src="/Users/kunalchavan/git/Selenium3_4/Selenium3_4/Selenium WebElement ScreenShots/full page screenshot.jpg"></a>
<a href="/Users/kunalchavan/git/Selenium3_4/Selenium3_4/Selenium WebElement ScreenShots/full page screenshot.jpg" target="_blank">Screenshot link</a>
<br>
<a href="/Users/kunalchavan/git/Selenium3_4/Selenium3_4/Selenium WebElement ScreenShots/full page screenshot.jpg" target="_blank"><img height=200 width=200 src="/Users/kunalchavan/git/Selenium3_4/Selenium3_4/Selenium WebElement ScreenShots/full page screenshot.jpg"></a>
<a href="/Users/kunalchavan/git/Selenium3_4/Selenium3_4/Selenium WebElement ScreenShots/full page screenshot.jpg" target="_blank">Screenshot link</a>
<br>
<a href="/Users/kunalchavan/git/Selenium3_4/Selenium3_4/Selenium WebElement ScreenShots/full page screenshot.jpg" target="_blank"><img height=200 width=200 src="/Users/kunalchavan/git/Selenium3_4/Selenium3_4/Selenium WebElement ScreenShots/full page screenshot.jpg"></a>
<a href="/Users/kunalchavan/git/Selenium3_4/Selenium3_4/Selenium WebElement ScreenShots/full page screenshot.jpg" target="_blank">Screenshot link</a>
<br>
<a href="/Users/kunalchavan/git/Selenium3_4/Selenium3_4/Selenium WebElement ScreenShots/full page screenshot.jpg" target="_blank"><img height=200 width=200 src="/Users/kunalchavan/git/Selenium3_4/Selenium3_4/Selenium WebElement ScreenShots/full page screenshot.jpg"></a>
<a href="/Users/kunalchavan/git/Selenium3_4/Selenium3_4/Selenium WebElement ScreenShots/full page screenshot.jpg" target="_blank">Screenshot link</a>
<br>
<a href="/Users/kunalchavan/git/Selenium3_4/Selenium3_4/Selenium WebElement ScreenShots/full page screenshot.jpg" target="_blank"><img height=200 width=200 src="/Users/kunalchavan/git/Selenium3_4/Selenium3_4/Selenium WebElement ScreenShots/full page screenshot.jpg"></a>
<a href="/Users/kunalchavan/git/Selenium3_4/Selenium3_4/Selenium WebElement ScreenShots/full page screenshot.jpg" target="_blank">Screenshot link</a>
<br>
<a href="/Users/kunalchavan/git/Selenium3_4/Selenium3_4/Selenium WebElement ScreenShots/full page screenshot.jpg" target="_blank"><img height=200 width=200 src="/Users/kunalchavan/git/Selenium3_4/Selenium3_4/Selenium WebElement ScreenShots/full page screenshot.jpg"></a>]]>
  </system-out>
</testsuite> <!-- testng.testNGListeners.SoftAssertion -->
