<?xml version="1.0" encoding="UTF-8"?>
<!-- Generated by org.testng.reporters.JUnitXMLReporter -->
<testsuite ignored="0" hostname="Kunals-MacBook-Pro.local" failures="3" tests="23" name="Login Test" time="1.489" errors="0" timestamp="2025-06-28T15:24:08 IST">
  <testcase classname="testng.testngAssertions.TestNGValidations" name="validateTitle" time="1.434">
    <failure type="org.openqa.selenium.NoSuchElementException" message="no such element: Unable to locate element: {&amp;quot;method&amp;quot;:&amp;quot;xpath&amp;quot;,&amp;quot;selector&amp;quot;:&amp;quot;//input[@id=&amp;apos;identifier&amp;apos;]&amp;quot;}
  (Session info: chrome=138.0.7204.50)
For documentation on this error, please visit: https://www.selenium.dev/documentation/webdriver/troubleshooting/errors#no-such-element-exception
Build info: version: &amp;apos;4.33.0&amp;apos;, revision: &amp;apos;2c6aaad03a&amp;apos;
System info: os.name: &amp;apos;Mac OS X&amp;apos;, os.arch: &amp;apos;aarch64&amp;apos;, os.version: &amp;apos;15.5&amp;apos;, java.version: &amp;apos;24.0.1&amp;apos;
Driver info: org.openqa.selenium.chrome.ChromeDriver
Command: [25f2db31281fa9a370efc18a5af5ea11, findElement {value=//input[@id=&amp;apos;identifier&amp;apos;], using=xpath}]
Capabilities {acceptInsecureCerts: false, browserName: chrome, browserVersion: 138.0.7204.50, chrome: {chromedriverVersion: 138.0.7204.49 (d2b48fd5f781..., userDataDir: /var/folders/03/hcnh39r5371...}, fedcm:accounts: true, goog:chromeOptions: {debuggerAddress: localhost:49991}, networkConnectionEnabled: false, pageLoadStrategy: normal, platformName: mac, proxy: Proxy(), se:cdp: ws://localhost:49991/devtoo..., se:cdpVersion: 138.0.7204.50, setWindowRect: true, strictFileInteractability: false, timeouts: {implicit: 0, pageLoad: 300000, script: 30000}, unhandledPromptBehavior: dismiss and notify, webauthn:extension:credBlob: true, webauthn:extension:largeBlob: true, webauthn:extension:minPinLength: true, webauthn:extension:prf: true, webauthn:virtualAuthenticators: true}
Session ID: 25f2db31281fa9a370efc18a5af5ea11">
      <![CDATA[org.openqa.selenium.NoSuchElementException: no such element: Unable to locate element: {"method":"xpath","selector":"//input[@id='identifier']"}
  (Session info: chrome=138.0.7204.50)
For documentation on this error, please visit: https://www.selenium.dev/documentation/webdriver/troubleshooting/errors#no-such-element-exception
Build info: version: '4.33.0', revision: '2c6aaad03a'
System info: os.name: 'Mac OS X', os.arch: 'aarch64', os.version: '15.5', java.version: '24.0.1'
Driver info: org.openqa.selenium.chrome.ChromeDriver
Command: [25f2db31281fa9a370efc18a5af5ea11, findElement {value=//input[@id='identifier'], using=xpath}]
Capabilities {acceptInsecureCerts: false, browserName: chrome, browserVersion: 138.0.7204.50, chrome: {chromedriverVersion: 138.0.7204.49 (d2b48fd5f781..., userDataDir: /var/folders/03/hcnh39r5371...}, fedcm:accounts: true, goog:chromeOptions: {debuggerAddress: localhost:49991}, networkConnectionEnabled: false, pageLoadStrategy: normal, platformName: mac, proxy: Proxy(), se:cdp: ws://localhost:49991/devtoo..., se:cdpVersion: 138.0.7204.50, setWindowRect: true, strictFileInteractability: false, timeouts: {implicit: 0, pageLoad: 300000, script: 30000}, unhandledPromptBehavior: dismiss and notify, webauthn:extension:credBlob: true, webauthn:extension:largeBlob: true, webauthn:extension:minPinLength: true, webauthn:extension:prf: true, webauthn:virtualAuthenticators: true}
Session ID: 25f2db31281fa9a370efc18a5af5ea11
at org.openqa.selenium.remote.ErrorCodec.decode(ErrorCodec.java:167)
at org.openqa.selenium.remote.codec.w3c.W3CHttpResponseCodec.decode(W3CHttpResponseCodec.java:138)
at org.openqa.selenium.remote.codec.w3c.W3CHttpResponseCodec.decode(W3CHttpResponseCodec.java:50)
at org.openqa.selenium.remote.HttpCommandExecutor.execute(HttpCommandExecutor.java:215)
at org.openqa.selenium.remote.service.DriverCommandExecutor.invokeExecute(DriverCommandExecutor.java:216)
at org.openqa.selenium.remote.service.DriverCommandExecutor.execute(DriverCommandExecutor.java:174)
at org.openqa.selenium.remote.RemoteWebDriver.execute(RemoteWebDriver.java:544)
at org.openqa.selenium.remote.ElementLocation$ElementFinder$2.findElement(ElementLocation.java:165)
at org.openqa.selenium.remote.ElementLocation.findElement(ElementLocation.java:59)
at org.openqa.selenium.remote.RemoteWebDriver.findElement(RemoteWebDriver.java:367)
at org.openqa.selenium.remote.RemoteWebDriver.findElement(RemoteWebDriver.java:361)
at testng.testngAssertions.TestNGValidations.isElementIsPresent(TestNGValidations.java:31)
at testng.testngAssertions.TestNGValidations.validateTitle(TestNGValidations.java:26)
at java.base/java.util.ArrayList.forEach(ArrayList.java:1604)
... Removed 28 stack frames]]>
    </failure>
  </testcase> <!-- validateTitle -->
  <testcase classname="testng.testngAnnotation.TestNGAeforeTest" name="doLogin" time="0.0"/>
  <testcase classname="testng.testngAnnotation.TestNGAeforeTest" name="doUserRegister" time="0.001"/>
  <testcase classname="testng.testngAnnotation.TestNGAfterMethod" name="doLogin" time="0.0"/>
  <testcase classname="testng.testngAnnotation.TestNGAfterMethod" name="doUserRegister" time="0.001"/>
  <testcase classname="testng.testngAnnotation.TestNGBeforeTest" name="doLogin" time="0.0"/>
  <testcase classname="testng.testngAnnotation.TestNGBeforeTest" name="doUserRegister" time="0.001"/>
  <testcase classname="testng.testngDependsOnMethod.DependsOnMethod" name="launchBrowser" time="0.0"/>
  <testcase classname="testng.testngDependsOnMethod.DependsOnMethod" name="doUserRegister" time="0.001"/>
  <testcase classname="testng.testngDependsOnMethod.DependsOnMethod" name="doUserRegisterOTP" time="0.001"/>
  <testcase classname="testng.testngDependsOnMethod.DependsOnMethod" name="doLogin" time="0.0"/>
  <testcase classname="testng.testngAssertions.TestNGForceValidations" name="validateTitle" time="0.001">
    <failure type="java.lang.AssertionError" message="Actual message: Gmail is not equals to the expected: Google">
      <![CDATA[java.lang.AssertionError: Actual message: Gmail is not equals to the expected: Google
at testng.testngAssertions.TestNGForceValidations.validateTitle(TestNGForceValidations.java:12)
at java.base/java.util.ArrayList.forEach(ArrayList.java:1604)
Caused by: java.lang.Throwable
at testng.testngAssertions.TestNGForceValidations.validateTitle(TestNGForceValidations.java:11)
... 26 more
... Removed 26 stack frames]]>
    </failure>
  </testcase> <!-- validateTitle -->
  <testcase classname="testng.testngSoftAssertion.SoftAssertion" name="validateTitle" time="0.001">
    <failure type="java.lang.AssertionError" message="The following asserts failed:
	Actual message: Gmail is not equals to the expected: Google">
      <![CDATA[java.lang.AssertionError: The following asserts failed:
Actual message: Gmail is not equals to the expected: Google
at testng.testngSoftAssertion.SoftAssertion.validateTitle(SoftAssertion.java:15)
at java.base/java.util.ArrayList.forEach(ArrayList.java:1604)
... Removed 27 stack frames]]>
    </failure>
  </testcase> <!-- validateTitle -->
  <testcase classname="testng.testNGTestSuite.TestSuite" name="doLogin" time="0.001"/>
  <testcase classname="testng.testNGTestSuite.TestSuite" name="doUserRegister" time="0.0"/>
  <testcase classname="testng.testNGTestSuite.TestSuite" name="doUserRegisterOTP" time="0.0"/>
  <testcase classname="testng.testNGTestSuite.TestSuite" name="launchBrowser" time="0.001"/>
  <testcase classname="testng.testngAnnotation.TestNGBeforeMethod" name="doLogin" time="0.001"/>
  <testcase classname="testng.testngAnnotation.TestNGBeforeMethod" name="doUserRegister" time="0.0"/>
  <testcase classname="testng.testngAnnotation.TestAnnotation" name="doLogin" time="0.001"/>
  <testcase classname="testng.testngAnnotation.TestAnnotation" name="doUserRegister" time="0.0"/>
  <testcase classname="testng.testngPriority.TestNGPriority" name="doUserRegister" time="0.0"/>
  <testcase classname="testng.testngPriority.TestNGPriority" name="doLogin" time="0.001"/>
</testsuite> <!-- Login Test -->
