<html>
<head>
<title>TestNG:  Login Test</title>
<link href="../testng.css" rel="stylesheet" type="text/css" />
<link href="../my-testng.css" rel="stylesheet" type="text/css" />

<style type="text/css">
.log { display: none;} 
.stack-trace { display: none;} 
</style>
<script type="text/javascript">
<!--
function flip(e) {
  current = e.style.display;
  if (current == 'block') {
    e.style.display = 'none';
    return 0;
  }
  else {
    e.style.display = 'block';
    return 1;
  }
}

function toggleBox(szDivId, elem, msg1, msg2)
{
  var res = -1;  if (document.getElementById) {
    res = flip(document.getElementById(szDivId));
  }
  else if (document.all) {
    // this is the way old msie versions work
    res = flip(document.all[szDivId]);
  }
  if(elem) {
    if(res == 0) elem.innerHTML = msg1; else elem.innerHTML = msg2;
  }

}

function toggleAllBoxes() {
  if (document.getElementsByTagName) {
    d = document.getElementsByTagName('div');
    for (i = 0; i < d.length; i++) {
      if (d[i].className == 'log') {
        flip(d[i]);
      }
    }
  }
}

// -->
</script>

</head>
<body>
<h2 align='center'>Login Test</h2><table border='1' align="center">
<tr>
<td>Tests passed/Failed/Skipped:</td><td>20/3/0</td>
</tr><tr>
<td>Started on:</td><td>Sat Jun 28 15:24:06 IST 2025</td>
</tr>
<tr><td>Total time:</td><td>1 seconds (1489 ms)</td>
</tr><tr>
<td>Included groups:</td><td></td>
</tr><tr>
<td>Excluded groups:</td><td></td>
</tr>
</table><p/>
<small><i>(Hover the method name to see the test class name)</i></small><p/>
<table width='100%' border='1' class='invocation-failed'>
<tr><td colspan='4' align='center'><b>FAILED TESTS</b></td></tr>
<tr><td><b>Test method</b></td>
<td><b>Attribute(s)</b></td>
<td width="30%"><b>Exception</b></td>
<td width="10%"><b>Time (seconds)</b></td>
<td><b>Instance</b></td>
</tr>
<tr>
<td title='testng.testngSoftAssertion.SoftAssertion.validateTitle()'><b>validateTitle</b><br>Test class: testng.testngSoftAssertion.SoftAssertion</td>
<td><div><pre>java.lang.AssertionError: The following asserts failed:
	Actual message: Gmail is not equals to the expected: Google
	at testng.testngSoftAssertion.SoftAssertion.validateTitle(SoftAssertion.java:15)
	at java.base/java.util.ArrayList.forEach(ArrayList.java:1604)
... Removed 27 stack frames</pre></div><a href='#' onClick='toggleBox("stack-trace1732663543", this, "Click to show all stack frames", "Click to hide stack frames")'>Click to show all stack frames</a>
<div class='stack-trace' id='stack-trace1732663543'><pre>java.lang.AssertionError: The following asserts failed:
	Actual message: Gmail is not equals to the expected: Google
	at org.testng.asserts.SoftAssert.assertAll(SoftAssert.java:46)
	at org.testng.asserts.SoftAssert.assertAll(SoftAssert.java:30)
	at testng.testngSoftAssertion.SoftAssertion.validateTitle(SoftAssertion.java:15)
	at java.base/jdk.internal.reflect.DirectMethodHandleAccessor.invoke(DirectMethodHandleAccessor.java:104)
	at java.base/java.lang.reflect.Method.invoke(Method.java:565)
	at org.testng.internal.invokers.MethodInvocationHelper.invokeMethod(MethodInvocationHelper.java:141)
	at org.testng.internal.invokers.TestInvoker.invokeMethod(TestInvoker.java:686)
	at org.testng.internal.invokers.TestInvoker.invokeTestMethod(TestInvoker.java:230)
	at org.testng.internal.invokers.MethodRunner.runInSequence(MethodRunner.java:63)
	at org.testng.internal.invokers.TestInvoker$MethodInvocationAgent.invoke(TestInvoker.java:992)
	at org.testng.internal.invokers.TestInvoker.invokeTestMethods(TestInvoker.java:203)
	at org.testng.internal.invokers.TestMethodWorker.invokeTestMethods(TestMethodWorker.java:154)
	at org.testng.internal.invokers.TestMethodWorker.run(TestMethodWorker.java:134)
	at java.base/java.util.ArrayList.forEach(ArrayList.java:1604)
	at org.testng.TestRunner.privateRun(TestRunner.java:739)
	at org.testng.TestRunner.run(TestRunner.java:614)
	at org.testng.SuiteRunner.runTest(SuiteRunner.java:421)
	at org.testng.SuiteRunner.runSequentially(SuiteRunner.java:413)
	at org.testng.SuiteRunner.privateRun(SuiteRunner.java:373)
	at org.testng.SuiteRunner.run(SuiteRunner.java:312)
	at org.testng.SuiteRunnerWorker.runSuite(SuiteRunnerWorker.java:52)
	at org.testng.SuiteRunnerWorker.run(SuiteRunnerWorker.java:95)
	at org.testng.TestNG.runSuitesSequentially(TestNG.java:1274)
	at org.testng.TestNG.runSuitesLocally(TestNG.java:1208)
	at org.testng.TestNG.runSuites(TestNG.java:1112)
	at org.testng.TestNG.run(TestNG.java:1079)
	at org.testng.remote.AbstractRemoteTestNG.run(AbstractRemoteTestNG.java:115)
	at org.testng.remote.RemoteTestNG.initAndRun(RemoteTestNG.java:293)
	at org.testng.remote.RemoteTestNG.main(RemoteTestNG.java:91)
</pre></div></td>
<td>0</td>
<td>testng.testngSoftAssertion.SoftAssertion@3270d194</td></tr>
<tr>
<td title='testng.testngAssertions.TestNGForceValidations.validateTitle()'><b>validateTitle</b><br>Test class: testng.testngAssertions.TestNGForceValidations</td>
<td><div><pre>java.lang.AssertionError: Actual message: Gmail is not equals to the expected: Google
	at testng.testngAssertions.TestNGForceValidations.validateTitle(TestNGForceValidations.java:12)
	at java.base/java.util.ArrayList.forEach(ArrayList.java:1604)
Caused by: java.lang.Throwable
	at testng.testngAssertions.TestNGForceValidations.validateTitle(TestNGForceValidations.java:11)
	... 26 more
... Removed 26 stack frames</pre></div><a href='#' onClick='toggleBox("stack-trace2143739483", this, "Click to show all stack frames", "Click to hide stack frames")'>Click to show all stack frames</a>
<div class='stack-trace' id='stack-trace2143739483'><pre>java.lang.AssertionError: Actual message: Gmail is not equals to the expected: Google
	at org.testng.Assert.fail(Assert.java:99)
	at testng.testngAssertions.TestNGForceValidations.validateTitle(TestNGForceValidations.java:12)
	at java.base/jdk.internal.reflect.DirectMethodHandleAccessor.invoke(DirectMethodHandleAccessor.java:104)
	at java.base/java.lang.reflect.Method.invoke(Method.java:565)
	at org.testng.internal.invokers.MethodInvocationHelper.invokeMethod(MethodInvocationHelper.java:141)
	at org.testng.internal.invokers.TestInvoker.invokeMethod(TestInvoker.java:686)
	at org.testng.internal.invokers.TestInvoker.invokeTestMethod(TestInvoker.java:230)
	at org.testng.internal.invokers.MethodRunner.runInSequence(MethodRunner.java:63)
	at org.testng.internal.invokers.TestInvoker$MethodInvocationAgent.invoke(TestInvoker.java:992)
	at org.testng.internal.invokers.TestInvoker.invokeTestMethods(TestInvoker.java:203)
	at org.testng.internal.invokers.TestMethodWorker.invokeTestMethods(TestMethodWorker.java:154)
	at org.testng.internal.invokers.TestMethodWorker.run(TestMethodWorker.java:134)
	at java.base/java.util.ArrayList.forEach(ArrayList.java:1604)
	at org.testng.TestRunner.privateRun(TestRunner.java:739)
	at org.testng.TestRunner.run(TestRunner.java:614)
	at org.testng.SuiteRunner.runTest(SuiteRunner.java:421)
	at org.testng.SuiteRunner.runSequentially(SuiteRunner.java:413)
	at org.testng.SuiteRunner.privateRun(SuiteRunner.java:373)
	at org.testng.SuiteRunner.run(SuiteRunner.java:312)
	at org.testng.SuiteRunnerWorker.runSuite(SuiteRunnerWorker.java:52)
	at org.testng.SuiteRunnerWorker.run(SuiteRunnerWorker.java:95)
	at org.testng.TestNG.runSuitesSequentially(TestNG.java:1274)
	at org.testng.TestNG.runSuitesLocally(TestNG.java:1208)
	at org.testng.TestNG.runSuites(TestNG.java:1112)
	at org.testng.TestNG.run(TestNG.java:1079)
	at org.testng.remote.AbstractRemoteTestNG.run(AbstractRemoteTestNG.java:115)
	at org.testng.remote.RemoteTestNG.initAndRun(RemoteTestNG.java:293)
	at org.testng.remote.RemoteTestNG.main(RemoteTestNG.java:91)
Caused by: java.lang.Throwable
	at testng.testngAssertions.TestNGForceValidations.validateTitle(TestNGForceValidations.java:11)
	... 26 more
</pre></div></td>
<td>0</td>
<td>testng.testngAssertions.TestNGForceValidations@55182842</td></tr>
<tr>
<td title='testng.testngAssertions.TestNGValidations.validateTitle()'><b>validateTitle</b><br>Test class: testng.testngAssertions.TestNGValidations</td>
<td><div><pre>org.openqa.selenium.NoSuchElementException: no such element: Unable to locate element: {&quot;method&quot;:&quot;xpath&quot;,&quot;selector&quot;:&quot;//input[@id=&apos;identifier&apos;]&quot;}
  (Session info: chrome=138.0.7204.50)
For documentation on this error, please visit: https://www.selenium.dev/documentation/webdriver/troubleshooting/errors#no-such-element-exception
Build info: version: &apos;4.33.0&apos;, revision: &apos;2c6aaad03a&apos;
System info: os.name: &apos;Mac OS X&apos;, os.arch: &apos;aarch64&apos;, os.version: &apos;15.5&apos;, java.version: &apos;24.0.1&apos;
Driver info: org.openqa.selenium.chrome.ChromeDriver
Command: [25f2db31281fa9a370efc18a5af5ea11, findElement {value=//input[@id=&apos;identifier&apos;], using=xpath}]
Capabilities {acceptInsecureCerts: false, browserName: chrome, browserVersion: 138.0.7204.50, chrome: {chromedriverVersion: 138.0.7204.49 (d2b48fd5f781..., userDataDir: /var/folders/03/hcnh39r5371...}, fedcm:accounts: true, goog:chromeOptions: {debuggerAddress: localhost:49991}, networkConnectionEnabled: false, pageLoadStrategy: normal, platformName: mac, proxy: Proxy(), se:cdp: ws://localhost:49991/devtoo..., se:cdpVersion: 138.0.7204.50, setWindowRect: true, strictFileInteractability: false, timeouts: {implicit: 0, pageLoad: 300000, script: 30000}, unhandledPromptBehavior: dismiss and notify, webauthn:extension:credBlob: true, webauthn:extension:largeBlob: true, webauthn:extension:minPinLength: true, webauthn:extension:prf: true, webauthn:virtualAuthenticators: true}
Session ID: 25f2db31281fa9a370efc18a5af5ea11
	at org.openqa.selenium.remote.ErrorCodec.decode(ErrorCodec.java:167)
	at org.openqa.selenium.remote.codec.w3c.W3CHttpResponseCodec.decode(W3CHttpResponseCodec.java:138)
	at org.openqa.selenium.remote.codec.w3c.W3CHttpResponseCodec.decode(W3CHttpResponseCodec.java:50)
	at org.openqa.selenium.remote.HttpCommandExecutor.execute(HttpCommandExecutor.java:215)
	at org.openqa.selenium.remote.service.DriverCommandExecutor.invokeExecute(DriverCommandExecutor.java:216)
	at org.openqa.selenium.remote.service.DriverCommandExecutor.execute(DriverCommandExecutor.java:174)
	at org.openqa.selenium.remote.RemoteWebDriver.execute(RemoteWebDriver.java:544)
	at org.openqa.selenium.remote.ElementLocation$ElementFinder$2.findElement(ElementLocation.java:165)
	at org.openqa.selenium.remote.ElementLocation.findElement(ElementLocation.java:59)
	at org.openqa.selenium.remote.RemoteWebDriver.findElement(RemoteWebDriver.java:367)
	at org.openqa.selenium.remote.RemoteWebDriver.findElement(RemoteWebDriver.java:361)
	at testng.testngAssertions.TestNGValidations.isElementIsPresent(TestNGValidations.java:31)
	at testng.testngAssertions.TestNGValidations.validateTitle(TestNGValidations.java:26)
	at java.base/java.util.ArrayList.forEach(ArrayList.java:1604)
... Removed 28 stack frames</pre></div><a href='#' onClick='toggleBox("stack-trace2029780820", this, "Click to show all stack frames", "Click to hide stack frames")'>Click to show all stack frames</a>
<div class='stack-trace' id='stack-trace2029780820'><pre>org.openqa.selenium.NoSuchElementException: no such element: Unable to locate element: {&quot;method&quot;:&quot;xpath&quot;,&quot;selector&quot;:&quot;//input[@id=&apos;identifier&apos;]&quot;}
  (Session info: chrome=138.0.7204.50)
For documentation on this error, please visit: https://www.selenium.dev/documentation/webdriver/troubleshooting/errors#no-such-element-exception
Build info: version: &apos;4.33.0&apos;, revision: &apos;2c6aaad03a&apos;
System info: os.name: &apos;Mac OS X&apos;, os.arch: &apos;aarch64&apos;, os.version: &apos;15.5&apos;, java.version: &apos;24.0.1&apos;
Driver info: org.openqa.selenium.chrome.ChromeDriver
Command: [25f2db31281fa9a370efc18a5af5ea11, findElement {value=//input[@id=&apos;identifier&apos;], using=xpath}]
Capabilities {acceptInsecureCerts: false, browserName: chrome, browserVersion: 138.0.7204.50, chrome: {chromedriverVersion: 138.0.7204.49 (d2b48fd5f781..., userDataDir: /var/folders/03/hcnh39r5371...}, fedcm:accounts: true, goog:chromeOptions: {debuggerAddress: localhost:49991}, networkConnectionEnabled: false, pageLoadStrategy: normal, platformName: mac, proxy: Proxy(), se:cdp: ws://localhost:49991/devtoo..., se:cdpVersion: 138.0.7204.50, setWindowRect: true, strictFileInteractability: false, timeouts: {implicit: 0, pageLoad: 300000, script: 30000}, unhandledPromptBehavior: dismiss and notify, webauthn:extension:credBlob: true, webauthn:extension:largeBlob: true, webauthn:extension:minPinLength: true, webauthn:extension:prf: true, webauthn:virtualAuthenticators: true}
Session ID: 25f2db31281fa9a370efc18a5af5ea11
	at java.base/jdk.internal.reflect.DirectConstructorHandleAccessor.newInstance(DirectConstructorHandleAccessor.java:62)
	at java.base/java.lang.reflect.Constructor.newInstanceWithCaller(Constructor.java:499)
	at java.base/java.lang.reflect.Constructor.newInstance(Constructor.java:483)
	at org.openqa.selenium.remote.ErrorCodec.decode(ErrorCodec.java:167)
	at org.openqa.selenium.remote.codec.w3c.W3CHttpResponseCodec.decode(W3CHttpResponseCodec.java:138)
	at org.openqa.selenium.remote.codec.w3c.W3CHttpResponseCodec.decode(W3CHttpResponseCodec.java:50)
	at org.openqa.selenium.remote.HttpCommandExecutor.execute(HttpCommandExecutor.java:215)
	at org.openqa.selenium.remote.service.DriverCommandExecutor.invokeExecute(DriverCommandExecutor.java:216)
	at org.openqa.selenium.remote.service.DriverCommandExecutor.execute(DriverCommandExecutor.java:174)
	at org.openqa.selenium.remote.RemoteWebDriver.execute(RemoteWebDriver.java:544)
	at org.openqa.selenium.remote.ElementLocation$ElementFinder$2.findElement(ElementLocation.java:165)
	at org.openqa.selenium.remote.ElementLocation.findElement(ElementLocation.java:59)
	at org.openqa.selenium.remote.RemoteWebDriver.findElement(RemoteWebDriver.java:367)
	at org.openqa.selenium.remote.RemoteWebDriver.findElement(RemoteWebDriver.java:361)
	at testng.testngAssertions.TestNGValidations.isElementIsPresent(TestNGValidations.java:31)
	at testng.testngAssertions.TestNGValidations.validateTitle(TestNGValidations.java:26)
	at java.base/jdk.internal.reflect.DirectMethodHandleAccessor.invoke(DirectMethodHandleAccessor.java:104)
	at java.base/java.lang.reflect.Method.invoke(Method.java:565)
	at org.testng.internal.invokers.MethodInvocationHelper.invokeMethod(MethodInvocationHelper.java:141)
	at org.testng.internal.invokers.TestInvoker.invokeMethod(TestInvoker.java:686)
	at org.testng.internal.invokers.TestInvoker.invokeTestMethod(TestInvoker.java:230)
	at org.testng.internal.invokers.MethodRunner.runInSequence(MethodRunner.java:63)
	at org.testng.internal.invokers.TestInvoker$MethodInvocationAgent.invoke(TestInvoker.java:992)
	at org.testng.internal.invokers.TestInvoker.invokeTestMethods(TestInvoker.java:203)
	at org.testng.internal.invokers.TestMethodWorker.invokeTestMethods(TestMethodWorker.java:154)
	at org.testng.internal.invokers.TestMethodWorker.run(TestMethodWorker.java:134)
	at java.base/java.util.ArrayList.forEach(ArrayList.java:1604)
	at org.testng.TestRunner.privateRun(TestRunner.java:739)
	at org.testng.TestRunner.run(TestRunner.java:614)
	at org.testng.SuiteRunner.runTest(SuiteRunner.java:421)
	at org.testng.SuiteRunner.runSequentially(SuiteRunner.java:413)
	at org.testng.SuiteRunner.privateRun(SuiteRunner.java:373)
	at org.testng.SuiteRunner.run(SuiteRunner.java:312)
	at org.testng.SuiteRunnerWorker.runSuite(SuiteRunnerWorker.java:52)
	at org.testng.SuiteRunnerWorker.run(SuiteRunnerWorker.java:95)
	at org.testng.TestNG.runSuitesSequentially(TestNG.java:1274)
	at org.testng.TestNG.runSuitesLocally(TestNG.java:1208)
	at org.testng.TestNG.runSuites(TestNG.java:1112)
	at org.testng.TestNG.run(TestNG.java:1079)
	at org.testng.remote.AbstractRemoteTestNG.run(AbstractRemoteTestNG.java:115)
	at org.testng.remote.RemoteTestNG.initAndRun(RemoteTestNG.java:293)
	at org.testng.remote.RemoteTestNG.main(RemoteTestNG.java:91)
</pre></div></td>
<td>1</td>
<td>testng.testngAssertions.TestNGValidations@4ec4f3a0</td></tr>
</table><p>
<table width='100%' border='1' class='invocation-passed'>
<tr><td colspan='4' align='center'><b>PASSED TESTS</b></td></tr>
<tr><td><b>Test method</b></td>
<td><b>Attribute(s)</b></td>
<td width="30%"><b>Exception</b></td>
<td width="10%"><b>Time (seconds)</b></td>
<td><b>Instance</b></td>
</tr>
<tr>
<td title='testng.testngDependsOnMethod.DependsOnMethod.doLogin()'><b>doLogin</b><br>Test class: testng.testngDependsOnMethod.DependsOnMethod</td>
<td></td>
<td>0</td>
<td>testng.testngDependsOnMethod.DependsOnMethod@55141def</td></tr>
<tr>
<td title='testng.testngPriority.TestNGPriority.doLogin()'><b>doLogin</b><br>Test class: testng.testngPriority.TestNGPriority</td>
<td></td>
<td>0</td>
<td>testng.testngPriority.TestNGPriority@76505305</td></tr>
<tr>
<td title='testng.testngAnnotation.TestNGBeforeMethod.doLogin()'><b>doLogin</b><br>Test class: testng.testngAnnotation.TestNGBeforeMethod</td>
<td></td>
<td>0</td>
<td>testng.testngAnnotation.TestNGBeforeMethod@5656be13</td></tr>
<tr>
<td title='testng.testngAnnotation.TestNGAfterMethod.doUserRegister()'><b>doUserRegister</b><br>Test class: testng.testngAnnotation.TestNGAfterMethod</td>
<td></td>
<td>0</td>
<td>testng.testngAnnotation.TestNGAfterMethod@7b2bbc3</td></tr>
<tr>
<td title='testng.testngAnnotation.TestAnnotation.doUserRegister()'><b>doUserRegister</b><br>Test class: testng.testngAnnotation.TestAnnotation</td>
<td></td>
<td>0</td>
<td>testng.testngAnnotation.TestAnnotation@4218d6a3</td></tr>
<tr>
<td title='testng.testngDependsOnMethod.DependsOnMethod.doUserRegister()'><b>doUserRegister</b><br>Test class: testng.testngDependsOnMethod.DependsOnMethod</td>
<td></td>
<td>0</td>
<td>testng.testngDependsOnMethod.DependsOnMethod@55141def</td></tr>
<tr>
<td title='testng.testngAnnotation.TestNGAfterMethod.doLogin()'><b>doLogin</b><br>Test class: testng.testngAnnotation.TestNGAfterMethod</td>
<td></td>
<td>0</td>
<td>testng.testngAnnotation.TestNGAfterMethod@7b2bbc3</td></tr>
<tr>
<td title='testng.testngDependsOnMethod.DependsOnMethod.doUserRegisterOTP()'><b>doUserRegisterOTP</b><br>Test class: testng.testngDependsOnMethod.DependsOnMethod</td>
<td></td>
<td>0</td>
<td>testng.testngDependsOnMethod.DependsOnMethod@55141def</td></tr>
<tr>
<td title='testng.testngPriority.TestNGPriority.doUserRegister()'><b>doUserRegister</b><br>Test class: testng.testngPriority.TestNGPriority</td>
<td></td>
<td>0</td>
<td>testng.testngPriority.TestNGPriority@76505305</td></tr>
<tr>
<td title='testng.testNGTestSuite.TestSuite.launchBrowser()'><b>launchBrowser</b><br>Test class: testng.testNGTestSuite.TestSuite</td>
<td></td>
<td>0</td>
<td>testng.testNGTestSuite.TestSuite@235834f2</td></tr>
<tr>
<td title='testng.testngAnnotation.TestNGBeforeMethod.doUserRegister()'><b>doUserRegister</b><br>Test class: testng.testngAnnotation.TestNGBeforeMethod</td>
<td></td>
<td>0</td>
<td>testng.testngAnnotation.TestNGBeforeMethod@5656be13</td></tr>
<tr>
<td title='testng.testngAnnotation.TestNGBeforeTest.doLogin()'><b>doLogin</b><br>Test class: testng.testngAnnotation.TestNGBeforeTest</td>
<td></td>
<td>0</td>
<td>testng.testngAnnotation.TestNGBeforeTest@a1153bc</td></tr>
<tr>
<td title='testng.testngAnnotation.TestAnnotation.doLogin()'><b>doLogin</b><br>Test class: testng.testngAnnotation.TestAnnotation</td>
<td></td>
<td>0</td>
<td>testng.testngAnnotation.TestAnnotation@4218d6a3</td></tr>
<tr>
<td title='testng.testNGTestSuite.TestSuite.doLogin()'><b>doLogin</b><br>Test class: testng.testNGTestSuite.TestSuite</td>
<td></td>
<td>0</td>
<td>testng.testNGTestSuite.TestSuite@235834f2</td></tr>
<tr>
<td title='testng.testngAnnotation.TestNGAeforeTest.doLogin()'><b>doLogin</b><br>Test class: testng.testngAnnotation.TestNGAeforeTest</td>
<td></td>
<td>0</td>
<td>testng.testngAnnotation.TestNGAeforeTest@48f2bd5b</td></tr>
<tr>
<td title='testng.testNGTestSuite.TestSuite.doUserRegister()'><b>doUserRegister</b><br>Test class: testng.testNGTestSuite.TestSuite</td>
<td></td>
<td>0</td>
<td>testng.testNGTestSuite.TestSuite@235834f2</td></tr>
<tr>
<td title='testng.testngDependsOnMethod.DependsOnMethod.launchBrowser()'><b>launchBrowser</b><br>Test class: testng.testngDependsOnMethod.DependsOnMethod</td>
<td></td>
<td>0</td>
<td>testng.testngDependsOnMethod.DependsOnMethod@55141def</td></tr>
<tr>
<td title='testng.testngAnnotation.TestNGAeforeTest.doUserRegister()'><b>doUserRegister</b><br>Test class: testng.testngAnnotation.TestNGAeforeTest</td>
<td></td>
<td>0</td>
<td>testng.testngAnnotation.TestNGAeforeTest@48f2bd5b</td></tr>
<tr>
<td title='testng.testngAnnotation.TestNGBeforeTest.doUserRegister()'><b>doUserRegister</b><br>Test class: testng.testngAnnotation.TestNGBeforeTest</td>
<td></td>
<td>0</td>
<td>testng.testngAnnotation.TestNGBeforeTest@a1153bc</td></tr>
<tr>
<td title='testng.testNGTestSuite.TestSuite.doUserRegisterOTP()'><b>doUserRegisterOTP</b><br>Test class: testng.testNGTestSuite.TestSuite</td>
<td></td>
<td>0</td>
<td>testng.testNGTestSuite.TestSuite@235834f2</td></tr>
</table><p>
</body>
</html>