<!DOCTYPE html PUBLIC "-//W3C//DTD XHTML 1.1//EN" "https://www.w3.org/TR/xhtml11/DTD/xhtml11.dtd">
<html xmlns="https://www.w3.org/1999/xhtml">
<head>
<meta http-equiv="content-type" content="text/html; charset=UTF-8"/>
<title>TestNG Report</title>
<style type="text/css">table {margin-bottom:10px;border-collapse:collapse;empty-cells:show}th,td {border:1px solid #009;padding:.25em .5em}th {vertical-align:bottom}td {vertical-align:top}table a {font-weight:bold}.stripe td {background-color: #E6EBF9}.num {text-align:right}.passedodd td {background-color: #3F3}.passedeven td {background-color: #0A0}.skippedodd td {background-color: #DDD}.skippedeven td {background-color: #CCC}.failedodd td,.attn {background-color: #F33}.failedeven td,.stripe .attn {background-color: #D00}.stacktrace {white-space:pre;font-family:monospace}.totop {font-size:85%;text-align:center;border-bottom:2px solid #000}.invisible {display:none}</style>
</head>
<body>
<table>
<tr><th>Test</th><th># Passed</th><th># Skipped</th><th># Retried</th><th># Failed</th><th>Time (ms)</th><th>Included Groups</th><th>Excluded Groups</th></tr>
<tr><th colspan="8">Suite</th></tr>
<tr><td><a href="#t0">Test</a></td><td class="num">25</td><td class="num attn">1</td><td class="num">0</td><td class="num attn">6</td><td class="num">2,343</td><td></td><td></td></tr>
</table>
<table id='summary'><thead><tr><th>Class</th><th>Method</th><th>Start</th><th>Time (ms)</th></tr></thead><tbody><tr><th colspan="4">Suite</th></tr></tbody><tbody id="t0"><tr><th colspan="4">Test &#8212; failed</th></tr><tr class="failedeven"><td rowspan="1">testng.testNGAssertions.TestNGForceValidations</td><td><a href="#m0">validateTitle</a></td><td rowspan="1">1751113541389</td><td rowspan="1">4</td></tr><tr class="failedodd"><td rowspan="1">testng.testNGAssertions.TestNGValidations</td><td><a href="#m1">validateTitle</a></td><td rowspan="1">1751113541400</td><td rowspan="1">945</td></tr><tr class="failedeven"><td rowspan="1">testng.testNGListeners.SoftAssertion</td><td><a href="#m2">validateTitle</a></td><td rowspan="1">1751113542351</td><td rowspan="1">1</td></tr><tr class="failedodd"><td rowspan="1">testng.testNGListeners.TestNGValidations</td><td><a href="#m3">validateTitle</a></td><td rowspan="1">1751113543039</td><td rowspan="1">671</td></tr><tr class="failedeven"><td rowspan="1">testng.testNGReport.TestNGValidations</td><td><a href="#m4">validateTitle</a></td><td rowspan="1">1751113542369</td><td rowspan="1">664</td></tr><tr class="failedodd"><td rowspan="1">testng.testNGSoftAssertion.SoftAssertion</td><td><a href="#m5">validateTitle</a></td><td rowspan="1">1751113542349</td><td rowspan="1">1</td></tr><tr><th colspan="4">Test &#8212; skipped</th></tr><tr class="skippedeven"><td rowspan="1">testng.testNGTestSkip.TestSkip</td><td><a href="#m6">isTestSkip</a></td><td rowspan="1">1751113542347</td><td rowspan="1">1</td></tr><tr><th colspan="4">Test &#8212; passed</th></tr><tr class="passedeven"><td rowspan="2">testng.testNGAnnotation.TestAnnotation</td><td><a href="#m7">doLogin</a></td><td rowspan="1">1751113543711</td><td rowspan="1">1</td></tr><tr class="passedeven"><td><a href="#m8">doUserRegister</a></td><td rowspan="1">1751113543712</td><td rowspan="1">1</td></tr><tr class="passedodd"><td rowspan="1">testng.testNGAnnotation.TestCase</td><td><a href="#m9">userRegistration</a></td><td rowspan="1">1751113542365</td><td rowspan="1">0</td></tr><tr class="passedeven"><td rowspan="2">testng.testNGAnnotation.TestNGAeforeTest</td><td><a href="#m10">doLogin</a></td><td rowspan="1">1751113543034</td><td rowspan="1">1</td></tr><tr class="passedeven"><td><a href="#m11">doUserRegister</a></td><td rowspan="1">1751113543035</td><td rowspan="1">0</td></tr><tr class="passedodd"><td rowspan="2">testng.testNGAnnotation.TestNGAfterMethod</td><td><a href="#m12">doLogin</a></td><td rowspan="1">1751113542367</td><td rowspan="1">0</td></tr><tr class="passedodd"><td><a href="#m13">doUserRegister</a></td><td rowspan="1">1751113542368</td><td rowspan="1">1</td></tr><tr class="passedeven"><td rowspan="2">testng.testNGAnnotation.TestNGBeforeMethod</td><td><a href="#m14">doLogin</a></td><td rowspan="1">1751113543713</td><td rowspan="1">0</td></tr><tr class="passedeven"><td><a href="#m15">doUserRegister</a></td><td rowspan="1">1751113543714</td><td rowspan="1">0</td></tr><tr class="passedodd"><td rowspan="2">testng.testNGAnnotation.TestNGBeforeTest</td><td><a href="#m16">doLogin</a></td><td rowspan="1">1751113541397</td><td rowspan="1">1</td></tr><tr class="passedodd"><td><a href="#m17">doUserRegister</a></td><td rowspan="1">1751113541399</td><td rowspan="1">0</td></tr><tr class="passedeven"><td rowspan="4">testng.testNGDependsOnMethod.DependsOnMethod</td><td><a href="#m18">doLogin</a></td><td rowspan="1">1751113543038</td><td rowspan="1">1</td></tr><tr class="passedeven"><td><a href="#m19">doUserRegister</a></td><td rowspan="1">1751113543037</td><td rowspan="1">0</td></tr><tr class="passedeven"><td><a href="#m20">doUserRegisterOTP</a></td><td rowspan="1">1751113543038</td><td rowspan="1">0</td></tr><tr class="passedeven"><td><a href="#m21">launchBrowser</a></td><td rowspan="1">1751113543036</td><td rowspan="1">0</td></tr><tr class="passedodd"><td rowspan="4">testng.testNGGroups.Groups</td><td><a href="#m22">doLogin</a></td><td rowspan="1">1751113542353</td><td rowspan="1">1</td></tr><tr class="passedodd"><td><a href="#m23">doUserRegister</a></td><td rowspan="1">1751113542356</td><td rowspan="1">0</td></tr><tr class="passedodd"><td><a href="#m24">doUserRegisterOTP</a></td><td rowspan="1">1751113542357</td><td rowspan="1">0</td></tr><tr class="passedodd"><td><a href="#m25">launchBrowser</a></td><td rowspan="1">1751113542358</td><td rowspan="1">0</td></tr><tr class="passedeven"><td rowspan="2">testng.testNGPriority.TestNGPriority</td><td><a href="#m26">doLogin</a></td><td rowspan="1">1751113542364</td><td rowspan="1">0</td></tr><tr class="passedeven"><td><a href="#m27">doUserRegister</a></td><td rowspan="1">1751113542363</td><td rowspan="1">0</td></tr><tr class="passedodd"><td rowspan="4">testng.testNGTestSuite.TestSuite</td><td><a href="#m28">doLogin</a></td><td rowspan="1">1751113542359</td><td rowspan="1">0</td></tr><tr class="passedodd"><td><a href="#m29">doUserRegister</a></td><td rowspan="1">1751113542360</td><td rowspan="1">0</td></tr><tr class="passedodd"><td><a href="#m30">doUserRegisterOTP</a></td><td rowspan="1">1751113542361</td><td rowspan="1">0</td></tr><tr class="passedodd"><td><a href="#m31">launchBrowser</a></td><td rowspan="1">1751113542362</td><td rowspan="1">1</td></tr></tbody>
</table>
<h2>Test</h2><h3 id="m0">testng.testNGAssertions.TestNGForceValidations#validateTitle</h3><table class="result"><tr><th>Messages</th></tr><tr><td><div class="messages"><a href="/Users/kunalchavan/git/Selenium3_4/Selenium3_4/Selenium WebElement ScreenShots/full page screenshot.jpg" target="_blank">Screenshot link</a><br/><br><br/><a href="/Users/kunalchavan/git/Selenium3_4/Selenium3_4/Selenium WebElement ScreenShots/full page screenshot.jpg" target="_blank"><img height=200 width=200 src="/Users/kunalchavan/git/Selenium3_4/Selenium3_4/Selenium WebElement ScreenShots/full page screenshot.jpg"></a></div></td></tr><tr><th>Exception</th></tr><tr><td><div class="stacktrace">java.lang.AssertionError: Actual message: Gmail is not equals to the expected: Google
	at testng.testNGAssertions.TestNGForceValidations.validateTitle(TestNGForceValidations.java:12)
	at java.base/java.util.ArrayList.forEach(ArrayList.java:1604)
Caused by: java.lang.Throwable
	at testng.testNGAssertions.TestNGForceValidations.validateTitle(TestNGForceValidations.java:11)
	... 26 more
... Removed 26 stack frames</div></td></tr></table><p class="totop"><a href="#summary">back to summary</a></p>
<h3 id="m1">testng.testNGAssertions.TestNGValidations#validateTitle</h3><table class="result"><tr><th>Messages</th></tr><tr><td><div class="messages"><a href="/Users/kunalchavan/git/Selenium3_4/Selenium3_4/Selenium WebElement ScreenShots/full page screenshot.jpg" target="_blank">Screenshot link</a><br/><br><br/><a href="/Users/kunalchavan/git/Selenium3_4/Selenium3_4/Selenium WebElement ScreenShots/full page screenshot.jpg" target="_blank"><img height=200 width=200 src="/Users/kunalchavan/git/Selenium3_4/Selenium3_4/Selenium WebElement ScreenShots/full page screenshot.jpg"></a></div></td></tr><tr><th>Exception</th></tr><tr><td><div class="stacktrace">org.openqa.selenium.NoSuchElementException: no such element: Unable to locate element: {&quot;method&quot;:&quot;xpath&quot;,&quot;selector&quot;:&quot;//input[@id=&apos;identifier&apos;]&quot;}
  (Session info: chrome=138.0.7204.50)
For documentation on this error, please visit: https://www.selenium.dev/documentation/webdriver/troubleshooting/errors#no-such-element-exception
Build info: version: &apos;4.33.0&apos;, revision: &apos;2c6aaad03a&apos;
System info: os.name: &apos;Mac OS X&apos;, os.arch: &apos;aarch64&apos;, os.version: &apos;15.5&apos;, java.version: &apos;24.0.1&apos;
Driver info: org.openqa.selenium.chrome.ChromeDriver
Command: [7cb2e6ca9ccf4b871b3fffc27fdc53e7, findElement {value=//input[@id=&apos;identifier&apos;], using=xpath}]
Capabilities {acceptInsecureCerts: false, browserName: chrome, browserVersion: 138.0.7204.50, chrome: {chromedriverVersion: 138.0.7204.49 (d2b48fd5f781..., userDataDir: /var/folders/03/hcnh39r5371...}, fedcm:accounts: true, goog:chromeOptions: {debuggerAddress: localhost:51166}, networkConnectionEnabled: false, pageLoadStrategy: normal, platformName: mac, proxy: Proxy(), se:cdp: ws://localhost:51166/devtoo..., se:cdpVersion: 138.0.7204.50, setWindowRect: true, strictFileInteractability: false, timeouts: {implicit: 0, pageLoad: 300000, script: 30000}, unhandledPromptBehavior: dismiss and notify, webauthn:extension:credBlob: true, webauthn:extension:largeBlob: true, webauthn:extension:minPinLength: true, webauthn:extension:prf: true, webauthn:virtualAuthenticators: true}
Session ID: 7cb2e6ca9ccf4b871b3fffc27fdc53e7
	at org.openqa.selenium.remote.ErrorCodec.decode(ErrorCodec.java:167)
	at org.openqa.selenium.remote.codec.w3c.W3CHttpResponseCodec.decode(W3CHttpResponseCodec.java:138)
	at org.openqa.selenium.remote.codec.w3c.W3CHttpResponseCodec.decode(W3CHttpResponseCodec.java:50)
	at org.openqa.selenium.remote.HttpCommandExecutor.execute(HttpCommandExecutor.java:215)
	at org.openqa.selenium.remote.service.DriverCommandExecutor.invokeExecute(DriverCommandExecutor.java:216)
	at org.openqa.selenium.remote.service.DriverCommandExecutor.execute(DriverCommandExecutor.java:174)
	at org.openqa.selenium.remote.RemoteWebDriver.execute(RemoteWebDriver.java:544)
	at org.openqa.selenium.remote.ElementLocation$ElementFinder$2.findElement(ElementLocation.java:165)
	at org.openqa.selenium.remote.ElementLocation.findElement(ElementLocation.java:59)
	at org.openqa.selenium.remote.RemoteWebDriver.findElement(RemoteWebDriver.java:367)
	at org.openqa.selenium.remote.RemoteWebDriver.findElement(RemoteWebDriver.java:361)
	at testng.testNGAssertions.TestNGValidations.isElementIsPresent(TestNGValidations.java:31)
	at testng.testNGAssertions.TestNGValidations.validateTitle(TestNGValidations.java:26)
	at java.base/java.util.ArrayList.forEach(ArrayList.java:1604)
... Removed 28 stack frames</div></td></tr></table><p class="totop"><a href="#summary">back to summary</a></p>
<h3 id="m2">testng.testNGListeners.SoftAssertion#validateTitle</h3><table class="result"><tr><th>Messages</th></tr><tr><td><div class="messages"><a href="/Users/kunalchavan/git/Selenium3_4/Selenium3_4/Selenium WebElement ScreenShots/full page screenshot.jpg" target="_blank">Screenshot link</a><br/><br><br/><a href="/Users/kunalchavan/git/Selenium3_4/Selenium3_4/Selenium WebElement ScreenShots/full page screenshot.jpg" target="_blank"><img height=200 width=200 src="/Users/kunalchavan/git/Selenium3_4/Selenium3_4/Selenium WebElement ScreenShots/full page screenshot.jpg"></a></div></td></tr><tr><th>Exception</th></tr><tr><td><div class="stacktrace">java.lang.AssertionError: The following asserts failed:
	Actual message: Gmail is not equals to the expected: Google
	at testng.testNGListeners.SoftAssertion.validateTitle(SoftAssertion.java:15)
	at java.base/java.util.ArrayList.forEach(ArrayList.java:1604)
... Removed 27 stack frames</div></td></tr></table><p class="totop"><a href="#summary">back to summary</a></p>
<h3 id="m3">testng.testNGListeners.TestNGValidations#validateTitle</h3><table class="result"><tr><th>Messages</th></tr><tr><td><div class="messages"><a href="/Users/kunalchavan/git/Selenium3_4/Selenium3_4/Selenium WebElement ScreenShots/full page screenshot.jpg" target="_blank">Screenshot link</a><br/><br><br/><a href="/Users/kunalchavan/git/Selenium3_4/Selenium3_4/Selenium WebElement ScreenShots/full page screenshot.jpg" target="_blank"><img height=200 width=200 src="/Users/kunalchavan/git/Selenium3_4/Selenium3_4/Selenium WebElement ScreenShots/full page screenshot.jpg"></a></div></td></tr><tr><th>Exception</th></tr><tr><td><div class="stacktrace">org.openqa.selenium.NoSuchElementException: no such element: Unable to locate element: {&quot;method&quot;:&quot;xpath&quot;,&quot;selector&quot;:&quot;//input[@id=&apos;identifier&apos;]&quot;}
  (Session info: chrome=138.0.7204.50)
For documentation on this error, please visit: https://www.selenium.dev/documentation/webdriver/troubleshooting/errors#no-such-element-exception
Build info: version: &apos;4.33.0&apos;, revision: &apos;2c6aaad03a&apos;
System info: os.name: &apos;Mac OS X&apos;, os.arch: &apos;aarch64&apos;, os.version: &apos;15.5&apos;, java.version: &apos;24.0.1&apos;
Driver info: org.openqa.selenium.chrome.ChromeDriver
Command: [710395f119f1eaa22aa398846106fa56, findElement {value=//input[@id=&apos;identifier&apos;], using=xpath}]
Capabilities {acceptInsecureCerts: false, browserName: chrome, browserVersion: 138.0.7204.50, chrome: {chromedriverVersion: 138.0.7204.49 (d2b48fd5f781..., userDataDir: /var/folders/03/hcnh39r5371...}, fedcm:accounts: true, goog:chromeOptions: {debuggerAddress: localhost:51188}, networkConnectionEnabled: false, pageLoadStrategy: normal, platformName: mac, proxy: Proxy(), se:cdp: ws://localhost:51188/devtoo..., se:cdpVersion: 138.0.7204.50, setWindowRect: true, strictFileInteractability: false, timeouts: {implicit: 0, pageLoad: 300000, script: 30000}, unhandledPromptBehavior: dismiss and notify, webauthn:extension:credBlob: true, webauthn:extension:largeBlob: true, webauthn:extension:minPinLength: true, webauthn:extension:prf: true, webauthn:virtualAuthenticators: true}
Session ID: 710395f119f1eaa22aa398846106fa56
	at org.openqa.selenium.remote.ErrorCodec.decode(ErrorCodec.java:167)
	at org.openqa.selenium.remote.codec.w3c.W3CHttpResponseCodec.decode(W3CHttpResponseCodec.java:138)
	at org.openqa.selenium.remote.codec.w3c.W3CHttpResponseCodec.decode(W3CHttpResponseCodec.java:50)
	at org.openqa.selenium.remote.HttpCommandExecutor.execute(HttpCommandExecutor.java:215)
	at org.openqa.selenium.remote.service.DriverCommandExecutor.invokeExecute(DriverCommandExecutor.java:216)
	at org.openqa.selenium.remote.service.DriverCommandExecutor.execute(DriverCommandExecutor.java:174)
	at org.openqa.selenium.remote.RemoteWebDriver.execute(RemoteWebDriver.java:544)
	at org.openqa.selenium.remote.ElementLocation$ElementFinder$2.findElement(ElementLocation.java:165)
	at org.openqa.selenium.remote.ElementLocation.findElement(ElementLocation.java:59)
	at org.openqa.selenium.remote.RemoteWebDriver.findElement(RemoteWebDriver.java:367)
	at org.openqa.selenium.remote.RemoteWebDriver.findElement(RemoteWebDriver.java:361)
	at testng.testNGListeners.TestNGValidations.isElementIsPresent(TestNGValidations.java:31)
	at testng.testNGListeners.TestNGValidations.validateTitle(TestNGValidations.java:26)
	at java.base/java.util.ArrayList.forEach(ArrayList.java:1604)
... Removed 28 stack frames</div></td></tr></table><p class="totop"><a href="#summary">back to summary</a></p>
<h3 id="m4">testng.testNGReport.TestNGValidations#validateTitle</h3><table class="result"><tr><th>Messages</th></tr><tr><td><div class="messages"><a href="/Users/kunalchavan/git/Selenium3_4/Selenium3_4/Selenium WebElement ScreenShots/full page screenshot.jpg" target="_blank">Screenshot link</a><br/><br><br/><a href="/Users/kunalchavan/git/Selenium3_4/Selenium3_4/Selenium WebElement ScreenShots/full page screenshot.jpg" target="_blank"><img height=200 width=200 src="/Users/kunalchavan/git/Selenium3_4/Selenium3_4/Selenium WebElement ScreenShots/full page screenshot.jpg"></a></div></td></tr><tr><th>Exception</th></tr><tr><td><div class="stacktrace">org.openqa.selenium.NoSuchElementException: no such element: Unable to locate element: {&quot;method&quot;:&quot;xpath&quot;,&quot;selector&quot;:&quot;//input[@id=&apos;identifier&apos;]&quot;}
  (Session info: chrome=138.0.7204.50)
For documentation on this error, please visit: https://www.selenium.dev/documentation/webdriver/troubleshooting/errors#no-such-element-exception
Build info: version: &apos;4.33.0&apos;, revision: &apos;2c6aaad03a&apos;
System info: os.name: &apos;Mac OS X&apos;, os.arch: &apos;aarch64&apos;, os.version: &apos;15.5&apos;, java.version: &apos;24.0.1&apos;
Driver info: org.openqa.selenium.chrome.ChromeDriver
Command: [76aacf5a58fc0d83cee81b1b07af90dc, findElement {value=//input[@id=&apos;identifier&apos;], using=xpath}]
Capabilities {acceptInsecureCerts: false, browserName: chrome, browserVersion: 138.0.7204.50, chrome: {chromedriverVersion: 138.0.7204.49 (d2b48fd5f781..., userDataDir: /var/folders/03/hcnh39r5371...}, fedcm:accounts: true, goog:chromeOptions: {debuggerAddress: localhost:51177}, networkConnectionEnabled: false, pageLoadStrategy: normal, platformName: mac, proxy: Proxy(), se:cdp: ws://localhost:51177/devtoo..., se:cdpVersion: 138.0.7204.50, setWindowRect: true, strictFileInteractability: false, timeouts: {implicit: 0, pageLoad: 300000, script: 30000}, unhandledPromptBehavior: dismiss and notify, webauthn:extension:credBlob: true, webauthn:extension:largeBlob: true, webauthn:extension:minPinLength: true, webauthn:extension:prf: true, webauthn:virtualAuthenticators: true}
Session ID: 76aacf5a58fc0d83cee81b1b07af90dc
	at org.openqa.selenium.remote.ErrorCodec.decode(ErrorCodec.java:167)
	at org.openqa.selenium.remote.codec.w3c.W3CHttpResponseCodec.decode(W3CHttpResponseCodec.java:138)
	at org.openqa.selenium.remote.codec.w3c.W3CHttpResponseCodec.decode(W3CHttpResponseCodec.java:50)
	at org.openqa.selenium.remote.HttpCommandExecutor.execute(HttpCommandExecutor.java:215)
	at org.openqa.selenium.remote.service.DriverCommandExecutor.invokeExecute(DriverCommandExecutor.java:216)
	at org.openqa.selenium.remote.service.DriverCommandExecutor.execute(DriverCommandExecutor.java:174)
	at org.openqa.selenium.remote.RemoteWebDriver.execute(RemoteWebDriver.java:544)
	at org.openqa.selenium.remote.ElementLocation$ElementFinder$2.findElement(ElementLocation.java:165)
	at org.openqa.selenium.remote.ElementLocation.findElement(ElementLocation.java:59)
	at org.openqa.selenium.remote.RemoteWebDriver.findElement(RemoteWebDriver.java:367)
	at org.openqa.selenium.remote.RemoteWebDriver.findElement(RemoteWebDriver.java:361)
	at testng.testNGReport.TestNGValidations.isElementIsPresent(TestNGValidations.java:31)
	at testng.testNGReport.TestNGValidations.validateTitle(TestNGValidations.java:26)
	at java.base/java.util.ArrayList.forEach(ArrayList.java:1604)
... Removed 28 stack frames</div></td></tr></table><p class="totop"><a href="#summary">back to summary</a></p>
<h3 id="m5">testng.testNGSoftAssertion.SoftAssertion#validateTitle</h3><table class="result"><tr><th>Messages</th></tr><tr><td><div class="messages"><a href="/Users/kunalchavan/git/Selenium3_4/Selenium3_4/Selenium WebElement ScreenShots/full page screenshot.jpg" target="_blank">Screenshot link</a><br/><br><br/><a href="/Users/kunalchavan/git/Selenium3_4/Selenium3_4/Selenium WebElement ScreenShots/full page screenshot.jpg" target="_blank"><img height=200 width=200 src="/Users/kunalchavan/git/Selenium3_4/Selenium3_4/Selenium WebElement ScreenShots/full page screenshot.jpg"></a></div></td></tr><tr><th>Exception</th></tr><tr><td><div class="stacktrace">java.lang.AssertionError: The following asserts failed:
	Actual message: Gmail is not equals to the expected: Google
	at testng.testNGSoftAssertion.SoftAssertion.validateTitle(SoftAssertion.java:15)
	at java.base/java.util.ArrayList.forEach(ArrayList.java:1604)
... Removed 27 stack frames</div></td></tr></table><p class="totop"><a href="#summary">back to summary</a></p>
<h3 id="m6">testng.testNGTestSkip.TestSkip#isTestSkip</h3><table class="result"><tr><th>Exception</th></tr><tr><td><div class="stacktrace">org.testng.SkipException: Skipping the test on purpose
	at testng.testNGTestSkip.TestSkip.isTestSkip(TestSkip.java:10)
	at java.base/java.util.ArrayList.forEach(ArrayList.java:1604)
... Removed 25 stack frames</div></td></tr></table><p class="totop"><a href="#summary">back to summary</a></p>
<h3 id="m7">testng.testNGAnnotation.TestAnnotation#doLogin</h3><table class="result"><tr><th class="invisible"/></tr></table><p class="totop"><a href="#summary">back to summary</a></p>
<h3 id="m8">testng.testNGAnnotation.TestAnnotation#doUserRegister</h3><table class="result"><tr><th class="invisible"/></tr></table><p class="totop"><a href="#summary">back to summary</a></p>
<h3 id="m9">testng.testNGAnnotation.TestCase#userRegistration</h3><table class="result"><tr><th class="invisible"/></tr></table><p class="totop"><a href="#summary">back to summary</a></p>
<h3 id="m10">testng.testNGAnnotation.TestNGAeforeTest#doLogin</h3><table class="result"><tr><th class="invisible"/></tr></table><p class="totop"><a href="#summary">back to summary</a></p>
<h3 id="m11">testng.testNGAnnotation.TestNGAeforeTest#doUserRegister</h3><table class="result"><tr><th class="invisible"/></tr></table><p class="totop"><a href="#summary">back to summary</a></p>
<h3 id="m12">testng.testNGAnnotation.TestNGAfterMethod#doLogin</h3><table class="result"><tr><th class="invisible"/></tr></table><p class="totop"><a href="#summary">back to summary</a></p>
<h3 id="m13">testng.testNGAnnotation.TestNGAfterMethod#doUserRegister</h3><table class="result"><tr><th class="invisible"/></tr></table><p class="totop"><a href="#summary">back to summary</a></p>
<h3 id="m14">testng.testNGAnnotation.TestNGBeforeMethod#doLogin</h3><table class="result"><tr><th class="invisible"/></tr></table><p class="totop"><a href="#summary">back to summary</a></p>
<h3 id="m15">testng.testNGAnnotation.TestNGBeforeMethod#doUserRegister</h3><table class="result"><tr><th class="invisible"/></tr></table><p class="totop"><a href="#summary">back to summary</a></p>
<h3 id="m16">testng.testNGAnnotation.TestNGBeforeTest#doLogin</h3><table class="result"><tr><th class="invisible"/></tr></table><p class="totop"><a href="#summary">back to summary</a></p>
<h3 id="m17">testng.testNGAnnotation.TestNGBeforeTest#doUserRegister</h3><table class="result"><tr><th class="invisible"/></tr></table><p class="totop"><a href="#summary">back to summary</a></p>
<h3 id="m18">testng.testNGDependsOnMethod.DependsOnMethod#doLogin</h3><table class="result"><tr><th class="invisible"/></tr></table><p class="totop"><a href="#summary">back to summary</a></p>
<h3 id="m19">testng.testNGDependsOnMethod.DependsOnMethod#doUserRegister</h3><table class="result"><tr><th class="invisible"/></tr></table><p class="totop"><a href="#summary">back to summary</a></p>
<h3 id="m20">testng.testNGDependsOnMethod.DependsOnMethod#doUserRegisterOTP</h3><table class="result"><tr><th class="invisible"/></tr></table><p class="totop"><a href="#summary">back to summary</a></p>
<h3 id="m21">testng.testNGDependsOnMethod.DependsOnMethod#launchBrowser</h3><table class="result"><tr><th class="invisible"/></tr></table><p class="totop"><a href="#summary">back to summary</a></p>
<h3 id="m22">testng.testNGGroups.Groups#doLogin</h3><table class="result"><tr><th class="invisible"/></tr></table><p class="totop"><a href="#summary">back to summary</a></p>
<h3 id="m23">testng.testNGGroups.Groups#doUserRegister</h3><table class="result"><tr><th class="invisible"/></tr></table><p class="totop"><a href="#summary">back to summary</a></p>
<h3 id="m24">testng.testNGGroups.Groups#doUserRegisterOTP</h3><table class="result"><tr><th class="invisible"/></tr></table><p class="totop"><a href="#summary">back to summary</a></p>
<h3 id="m25">testng.testNGGroups.Groups#launchBrowser</h3><table class="result"><tr><th class="invisible"/></tr></table><p class="totop"><a href="#summary">back to summary</a></p>
<h3 id="m26">testng.testNGPriority.TestNGPriority#doLogin</h3><table class="result"><tr><th class="invisible"/></tr></table><p class="totop"><a href="#summary">back to summary</a></p>
<h3 id="m27">testng.testNGPriority.TestNGPriority#doUserRegister</h3><table class="result"><tr><th class="invisible"/></tr></table><p class="totop"><a href="#summary">back to summary</a></p>
<h3 id="m28">testng.testNGTestSuite.TestSuite#doLogin</h3><table class="result"><tr><th class="invisible"/></tr></table><p class="totop"><a href="#summary">back to summary</a></p>
<h3 id="m29">testng.testNGTestSuite.TestSuite#doUserRegister</h3><table class="result"><tr><th class="invisible"/></tr></table><p class="totop"><a href="#summary">back to summary</a></p>
<h3 id="m30">testng.testNGTestSuite.TestSuite#doUserRegisterOTP</h3><table class="result"><tr><th class="invisible"/></tr></table><p class="totop"><a href="#summary">back to summary</a></p>
<h3 id="m31">testng.testNGTestSuite.TestSuite#launchBrowser</h3><table class="result"><tr><th class="invisible"/></tr></table><p class="totop"><a href="#summary">back to summary</a></p>
</body>
</html>
