<?xml version="1.0" encoding="UTF-8"?>
<!-- Generated by org.testng.reporters.JUnitXMLReporter -->
<testsuite ignored="2" hostname="Kunals-MacBook-Pro.local" failures="6" tests="32" name="Test" time="2.343" errors="0" timestamp="2025-06-28T17:55:43 IST">
  <testcase classname="testng.testNGAssertions.TestNGForceValidations" name="validateTitle" time="0.004">
    <failure type="java.lang.AssertionError" message="Actual message: Gmail is not equals to the expected: Google">
      <![CDATA[java.lang.AssertionError: Actual message: Gmail is not equals to the expected: Google
at testng.testNGAssertions.TestNGForceValidations.validateTitle(TestNGForceValidations.java:12)
at java.base/java.util.ArrayList.forEach(ArrayList.java:1604)
Caused by: java.lang.Throwable
at testng.testNGAssertions.TestNGForceValidations.validateTitle(TestNGForceValidations.java:11)
... 26 more
... Removed 26 stack frames]]>
    </failure>
  </testcase> <!-- validateTitle -->
  <testcase classname="testng.testNGAnnotation.TestNGBeforeTest" name="doLogin" time="0.001"/>
  <testcase classname="testng.testNGAnnotation.TestNGBeforeTest" name="doUserRegister" time="0.0"/>
  <testcase classname="testng.testNGAssertions.TestNGValidations" name="validateTitle" time="0.945">
    <failure type="org.openqa.selenium.NoSuchElementException" message="no such element: Unable to locate element: {&amp;quot;method&amp;quot;:&amp;quot;xpath&amp;quot;,&amp;quot;selector&amp;quot;:&amp;quot;//input[@id=&amp;apos;identifier&amp;apos;]&amp;quot;}
  (Session info: chrome=138.0.7204.50)
For documentation on this error, please visit: https://www.selenium.dev/documentation/webdriver/troubleshooting/errors#no-such-element-exception
Build info: version: &amp;apos;4.33.0&amp;apos;, revision: &amp;apos;2c6aaad03a&amp;apos;
System info: os.name: &amp;apos;Mac OS X&amp;apos;, os.arch: &amp;apos;aarch64&amp;apos;, os.version: &amp;apos;15.5&amp;apos;, java.version: &amp;apos;24.0.1&amp;apos;
Driver info: org.openqa.selenium.chrome.ChromeDriver
Command: [7cb2e6ca9ccf4b871b3fffc27fdc53e7, findElement {value=//input[@id=&amp;apos;identifier&amp;apos;], using=xpath}]
Capabilities {acceptInsecureCerts: false, browserName: chrome, browserVersion: 138.0.7204.50, chrome: {chromedriverVersion: 138.0.7204.49 (d2b48fd5f781..., userDataDir: /var/folders/03/hcnh39r5371...}, fedcm:accounts: true, goog:chromeOptions: {debuggerAddress: localhost:51166}, networkConnectionEnabled: false, pageLoadStrategy: normal, platformName: mac, proxy: Proxy(), se:cdp: ws://localhost:51166/devtoo..., se:cdpVersion: 138.0.7204.50, setWindowRect: true, strictFileInteractability: false, timeouts: {implicit: 0, pageLoad: 300000, script: 30000}, unhandledPromptBehavior: dismiss and notify, webauthn:extension:credBlob: true, webauthn:extension:largeBlob: true, webauthn:extension:minPinLength: true, webauthn:extension:prf: true, webauthn:virtualAuthenticators: true}
Session ID: 7cb2e6ca9ccf4b871b3fffc27fdc53e7">
      <![CDATA[org.openqa.selenium.NoSuchElementException: no such element: Unable to locate element: {"method":"xpath","selector":"//input[@id='identifier']"}
  (Session info: chrome=138.0.7204.50)
For documentation on this error, please visit: https://www.selenium.dev/documentation/webdriver/troubleshooting/errors#no-such-element-exception
Build info: version: '4.33.0', revision: '2c6aaad03a'
System info: os.name: 'Mac OS X', os.arch: 'aarch64', os.version: '15.5', java.version: '24.0.1'
Driver info: org.openqa.selenium.chrome.ChromeDriver
Command: [7cb2e6ca9ccf4b871b3fffc27fdc53e7, findElement {value=//input[@id='identifier'], using=xpath}]
Capabilities {acceptInsecureCerts: false, browserName: chrome, browserVersion: 138.0.7204.50, chrome: {chromedriverVersion: 138.0.7204.49 (d2b48fd5f781..., userDataDir: /var/folders/03/hcnh39r5371...}, fedcm:accounts: true, goog:chromeOptions: {debuggerAddress: localhost:51166}, networkConnectionEnabled: false, pageLoadStrategy: normal, platformName: mac, proxy: Proxy(), se:cdp: ws://localhost:51166/devtoo..., se:cdpVersion: 138.0.7204.50, setWindowRect: true, strictFileInteractability: false, timeouts: {implicit: 0, pageLoad: 300000, script: 30000}, unhandledPromptBehavior: dismiss and notify, webauthn:extension:credBlob: true, webauthn:extension:largeBlob: true, webauthn:extension:minPinLength: true, webauthn:extension:prf: true, webauthn:virtualAuthenticators: true}
Session ID: 7cb2e6ca9ccf4b871b3fffc27fdc53e7
at org.openqa.selenium.remote.ErrorCodec.decode(ErrorCodec.java:167)
at org.openqa.selenium.remote.codec.w3c.W3CHttpResponseCodec.decode(W3CHttpResponseCodec.java:138)
at org.openqa.selenium.remote.codec.w3c.W3CHttpResponseCodec.decode(W3CHttpResponseCodec.java:50)
at org.openqa.selenium.remote.HttpCommandExecutor.execute(HttpCommandExecutor.java:215)
at org.openqa.selenium.remote.service.DriverCommandExecutor.invokeExecute(DriverCommandExecutor.java:216)
at org.openqa.selenium.remote.service.DriverCommandExecutor.execute(DriverCommandExecutor.java:174)
at org.openqa.selenium.remote.RemoteWebDriver.execute(RemoteWebDriver.java:544)
at org.openqa.selenium.remote.ElementLocation$ElementFinder$2.findElement(ElementLocation.java:165)
at org.openqa.selenium.remote.ElementLocation.findElement(ElementLocation.java:59)
at org.openqa.selenium.remote.RemoteWebDriver.findElement(RemoteWebDriver.java:367)
at org.openqa.selenium.remote.RemoteWebDriver.findElement(RemoteWebDriver.java:361)
at testng.testNGAssertions.TestNGValidations.isElementIsPresent(TestNGValidations.java:31)
at testng.testNGAssertions.TestNGValidations.validateTitle(TestNGValidations.java:26)
at java.base/java.util.ArrayList.forEach(ArrayList.java:1604)
... Removed 28 stack frames]]>
    </failure>
  </testcase> <!-- validateTitle -->
  <testcase classname="testng.testNGTestSkip.TestSkip" name="isTestSkip" time="0.001">
    <skipped/>
  </testcase> <!-- isTestSkip -->
  <testcase classname="testng.testNGSoftAssertion.SoftAssertion" name="validateTitle" time="0.001">
    <failure type="java.lang.AssertionError" message="The following asserts failed:
	Actual message: Gmail is not equals to the expected: Google">
      <![CDATA[java.lang.AssertionError: The following asserts failed:
Actual message: Gmail is not equals to the expected: Google
at testng.testNGSoftAssertion.SoftAssertion.validateTitle(SoftAssertion.java:15)
at java.base/java.util.ArrayList.forEach(ArrayList.java:1604)
... Removed 27 stack frames]]>
    </failure>
  </testcase> <!-- validateTitle -->
  <testcase classname="testng.testNGListeners.SoftAssertion" name="validateTitle" time="0.001">
    <failure type="java.lang.AssertionError" message="The following asserts failed:
	Actual message: Gmail is not equals to the expected: Google">
      <![CDATA[java.lang.AssertionError: The following asserts failed:
Actual message: Gmail is not equals to the expected: Google
at testng.testNGListeners.SoftAssertion.validateTitle(SoftAssertion.java:15)
at java.base/java.util.ArrayList.forEach(ArrayList.java:1604)
... Removed 27 stack frames]]>
    </failure>
  </testcase> <!-- validateTitle -->
  <testcase classname="testng.testNGGroups.Groups" name="doLogin" time="0.001"/>
  <testcase classname="testng.testNGGroups.Groups" name="doUserRegister" time="0.0"/>
  <testcase classname="testng.testNGGroups.Groups" name="doUserRegisterOTP" time="0.0"/>
  <testcase classname="testng.testNGGroups.Groups" name="launchBrowser" time="0.0"/>
  <testcase classname="testng.testNGTestSuite.TestSuite" name="doLogin" time="0.0"/>
  <testcase classname="testng.testNGTestSuite.TestSuite" name="doUserRegister" time="0.0"/>
  <testcase classname="testng.testNGTestSuite.TestSuite" name="doUserRegisterOTP" time="0.0"/>
  <testcase classname="testng.testNGTestSuite.TestSuite" name="launchBrowser" time="0.001"/>
  <testcase classname="testng.testNGPriority.TestNGPriority" name="doUserRegister" time="0.0"/>
  <testcase classname="testng.testNGPriority.TestNGPriority" name="doLogin" time="0.0"/>
  <testcase classname="testng.testNGAnnotation.TestCase" name="userRegistration" time="0.0"/>
  <testcase classname="testng.testNGAnnotation.TestNGAfterMethod" name="doLogin" time="0.0"/>
  <testcase classname="testng.testNGAnnotation.TestNGAfterMethod" name="doUserRegister" time="0.001"/>
  <testcase classname="testng.testNGReport.TestNGValidations" name="validateTitle" time="0.664">
    <failure type="org.openqa.selenium.NoSuchElementException" message="no such element: Unable to locate element: {&amp;quot;method&amp;quot;:&amp;quot;xpath&amp;quot;,&amp;quot;selector&amp;quot;:&amp;quot;//input[@id=&amp;apos;identifier&amp;apos;]&amp;quot;}
  (Session info: chrome=138.0.7204.50)
For documentation on this error, please visit: https://www.selenium.dev/documentation/webdriver/troubleshooting/errors#no-such-element-exception
Build info: version: &amp;apos;4.33.0&amp;apos;, revision: &amp;apos;2c6aaad03a&amp;apos;
System info: os.name: &amp;apos;Mac OS X&amp;apos;, os.arch: &amp;apos;aarch64&amp;apos;, os.version: &amp;apos;15.5&amp;apos;, java.version: &amp;apos;24.0.1&amp;apos;
Driver info: org.openqa.selenium.chrome.ChromeDriver
Command: [76aacf5a58fc0d83cee81b1b07af90dc, findElement {value=//input[@id=&amp;apos;identifier&amp;apos;], using=xpath}]
Capabilities {acceptInsecureCerts: false, browserName: chrome, browserVersion: 138.0.7204.50, chrome: {chromedriverVersion: 138.0.7204.49 (d2b48fd5f781..., userDataDir: /var/folders/03/hcnh39r5371...}, fedcm:accounts: true, goog:chromeOptions: {debuggerAddress: localhost:51177}, networkConnectionEnabled: false, pageLoadStrategy: normal, platformName: mac, proxy: Proxy(), se:cdp: ws://localhost:51177/devtoo..., se:cdpVersion: 138.0.7204.50, setWindowRect: true, strictFileInteractability: false, timeouts: {implicit: 0, pageLoad: 300000, script: 30000}, unhandledPromptBehavior: dismiss and notify, webauthn:extension:credBlob: true, webauthn:extension:largeBlob: true, webauthn:extension:minPinLength: true, webauthn:extension:prf: true, webauthn:virtualAuthenticators: true}
Session ID: 76aacf5a58fc0d83cee81b1b07af90dc">
      <![CDATA[org.openqa.selenium.NoSuchElementException: no such element: Unable to locate element: {"method":"xpath","selector":"//input[@id='identifier']"}
  (Session info: chrome=138.0.7204.50)
For documentation on this error, please visit: https://www.selenium.dev/documentation/webdriver/troubleshooting/errors#no-such-element-exception
Build info: version: '4.33.0', revision: '2c6aaad03a'
System info: os.name: 'Mac OS X', os.arch: 'aarch64', os.version: '15.5', java.version: '24.0.1'
Driver info: org.openqa.selenium.chrome.ChromeDriver
Command: [76aacf5a58fc0d83cee81b1b07af90dc, findElement {value=//input[@id='identifier'], using=xpath}]
Capabilities {acceptInsecureCerts: false, browserName: chrome, browserVersion: 138.0.7204.50, chrome: {chromedriverVersion: 138.0.7204.49 (d2b48fd5f781..., userDataDir: /var/folders/03/hcnh39r5371...}, fedcm:accounts: true, goog:chromeOptions: {debuggerAddress: localhost:51177}, networkConnectionEnabled: false, pageLoadStrategy: normal, platformName: mac, proxy: Proxy(), se:cdp: ws://localhost:51177/devtoo..., se:cdpVersion: 138.0.7204.50, setWindowRect: true, strictFileInteractability: false, timeouts: {implicit: 0, pageLoad: 300000, script: 30000}, unhandledPromptBehavior: dismiss and notify, webauthn:extension:credBlob: true, webauthn:extension:largeBlob: true, webauthn:extension:minPinLength: true, webauthn:extension:prf: true, webauthn:virtualAuthenticators: true}
Session ID: 76aacf5a58fc0d83cee81b1b07af90dc
at org.openqa.selenium.remote.ErrorCodec.decode(ErrorCodec.java:167)
at org.openqa.selenium.remote.codec.w3c.W3CHttpResponseCodec.decode(W3CHttpResponseCodec.java:138)
at org.openqa.selenium.remote.codec.w3c.W3CHttpResponseCodec.decode(W3CHttpResponseCodec.java:50)
at org.openqa.selenium.remote.HttpCommandExecutor.execute(HttpCommandExecutor.java:215)
at org.openqa.selenium.remote.service.DriverCommandExecutor.invokeExecute(DriverCommandExecutor.java:216)
at org.openqa.selenium.remote.service.DriverCommandExecutor.execute(DriverCommandExecutor.java:174)
at org.openqa.selenium.remote.RemoteWebDriver.execute(RemoteWebDriver.java:544)
at org.openqa.selenium.remote.ElementLocation$ElementFinder$2.findElement(ElementLocation.java:165)
at org.openqa.selenium.remote.ElementLocation.findElement(ElementLocation.java:59)
at org.openqa.selenium.remote.RemoteWebDriver.findElement(RemoteWebDriver.java:367)
at org.openqa.selenium.remote.RemoteWebDriver.findElement(RemoteWebDriver.java:361)
at testng.testNGReport.TestNGValidations.isElementIsPresent(TestNGValidations.java:31)
at testng.testNGReport.TestNGValidations.validateTitle(TestNGValidations.java:26)
at java.base/java.util.ArrayList.forEach(ArrayList.java:1604)
... Removed 28 stack frames]]>
    </failure>
  </testcase> <!-- validateTitle -->
  <testcase classname="testng.testNGAnnotation.TestNGAeforeTest" name="doLogin" time="0.001"/>
  <testcase classname="testng.testNGAnnotation.TestNGAeforeTest" name="doUserRegister" time="0.0"/>
  <testcase classname="testng.testNGDependsOnMethod.DependsOnMethod" name="launchBrowser" time="0.0"/>
  <testcase classname="testng.testNGDependsOnMethod.DependsOnMethod" name="doUserRegister" time="0.0"/>
  <testcase classname="testng.testNGDependsOnMethod.DependsOnMethod" name="doUserRegisterOTP" time="0.0"/>
  <testcase classname="testng.testNGDependsOnMethod.DependsOnMethod" name="doLogin" time="0.001"/>
  <testcase classname="testng.testNGListeners.TestNGValidations" name="validateTitle" time="0.671">
    <failure type="org.openqa.selenium.NoSuchElementException" message="no such element: Unable to locate element: {&amp;quot;method&amp;quot;:&amp;quot;xpath&amp;quot;,&amp;quot;selector&amp;quot;:&amp;quot;//input[@id=&amp;apos;identifier&amp;apos;]&amp;quot;}
  (Session info: chrome=138.0.7204.50)
For documentation on this error, please visit: https://www.selenium.dev/documentation/webdriver/troubleshooting/errors#no-such-element-exception
Build info: version: &amp;apos;4.33.0&amp;apos;, revision: &amp;apos;2c6aaad03a&amp;apos;
System info: os.name: &amp;apos;Mac OS X&amp;apos;, os.arch: &amp;apos;aarch64&amp;apos;, os.version: &amp;apos;15.5&amp;apos;, java.version: &amp;apos;24.0.1&amp;apos;
Driver info: org.openqa.selenium.chrome.ChromeDriver
Command: [710395f119f1eaa22aa398846106fa56, findElement {value=//input[@id=&amp;apos;identifier&amp;apos;], using=xpath}]
Capabilities {acceptInsecureCerts: false, browserName: chrome, browserVersion: 138.0.7204.50, chrome: {chromedriverVersion: 138.0.7204.49 (d2b48fd5f781..., userDataDir: /var/folders/03/hcnh39r5371...}, fedcm:accounts: true, goog:chromeOptions: {debuggerAddress: localhost:51188}, networkConnectionEnabled: false, pageLoadStrategy: normal, platformName: mac, proxy: Proxy(), se:cdp: ws://localhost:51188/devtoo..., se:cdpVersion: 138.0.7204.50, setWindowRect: true, strictFileInteractability: false, timeouts: {implicit: 0, pageLoad: 300000, script: 30000}, unhandledPromptBehavior: dismiss and notify, webauthn:extension:credBlob: true, webauthn:extension:largeBlob: true, webauthn:extension:minPinLength: true, webauthn:extension:prf: true, webauthn:virtualAuthenticators: true}
Session ID: 710395f119f1eaa22aa398846106fa56">
      <![CDATA[org.openqa.selenium.NoSuchElementException: no such element: Unable to locate element: {"method":"xpath","selector":"//input[@id='identifier']"}
  (Session info: chrome=138.0.7204.50)
For documentation on this error, please visit: https://www.selenium.dev/documentation/webdriver/troubleshooting/errors#no-such-element-exception
Build info: version: '4.33.0', revision: '2c6aaad03a'
System info: os.name: 'Mac OS X', os.arch: 'aarch64', os.version: '15.5', java.version: '24.0.1'
Driver info: org.openqa.selenium.chrome.ChromeDriver
Command: [710395f119f1eaa22aa398846106fa56, findElement {value=//input[@id='identifier'], using=xpath}]
Capabilities {acceptInsecureCerts: false, browserName: chrome, browserVersion: 138.0.7204.50, chrome: {chromedriverVersion: 138.0.7204.49 (d2b48fd5f781..., userDataDir: /var/folders/03/hcnh39r5371...}, fedcm:accounts: true, goog:chromeOptions: {debuggerAddress: localhost:51188}, networkConnectionEnabled: false, pageLoadStrategy: normal, platformName: mac, proxy: Proxy(), se:cdp: ws://localhost:51188/devtoo..., se:cdpVersion: 138.0.7204.50, setWindowRect: true, strictFileInteractability: false, timeouts: {implicit: 0, pageLoad: 300000, script: 30000}, unhandledPromptBehavior: dismiss and notify, webauthn:extension:credBlob: true, webauthn:extension:largeBlob: true, webauthn:extension:minPinLength: true, webauthn:extension:prf: true, webauthn:virtualAuthenticators: true}
Session ID: 710395f119f1eaa22aa398846106fa56
at org.openqa.selenium.remote.ErrorCodec.decode(ErrorCodec.java:167)
at org.openqa.selenium.remote.codec.w3c.W3CHttpResponseCodec.decode(W3CHttpResponseCodec.java:138)
at org.openqa.selenium.remote.codec.w3c.W3CHttpResponseCodec.decode(W3CHttpResponseCodec.java:50)
at org.openqa.selenium.remote.HttpCommandExecutor.execute(HttpCommandExecutor.java:215)
at org.openqa.selenium.remote.service.DriverCommandExecutor.invokeExecute(DriverCommandExecutor.java:216)
at org.openqa.selenium.remote.service.DriverCommandExecutor.execute(DriverCommandExecutor.java:174)
at org.openqa.selenium.remote.RemoteWebDriver.execute(RemoteWebDriver.java:544)
at org.openqa.selenium.remote.ElementLocation$ElementFinder$2.findElement(ElementLocation.java:165)
at org.openqa.selenium.remote.ElementLocation.findElement(ElementLocation.java:59)
at org.openqa.selenium.remote.RemoteWebDriver.findElement(RemoteWebDriver.java:367)
at org.openqa.selenium.remote.RemoteWebDriver.findElement(RemoteWebDriver.java:361)
at testng.testNGListeners.TestNGValidations.isElementIsPresent(TestNGValidations.java:31)
at testng.testNGListeners.TestNGValidations.validateTitle(TestNGValidations.java:26)
at java.base/java.util.ArrayList.forEach(ArrayList.java:1604)
... Removed 28 stack frames]]>
    </failure>
  </testcase> <!-- validateTitle -->
  <testcase classname="testng.testNGAnnotation.TestAnnotation" name="doLogin" time="0.001"/>
  <testcase classname="testng.testNGAnnotation.TestAnnotation" name="doUserRegister" time="0.001"/>
  <testcase classname="testng.testNGAnnotation.TestNGBeforeMethod" name="doLogin" time="0.0"/>
  <testcase classname="testng.testNGAnnotation.TestNGBeforeMethod" name="doUserRegister" time="0.0"/>
  <testcase classname="testng.testNGAnnotation.TestAfterSuite" name="@AfterSuite tearDown" time="0.0">
    <ignored/>
  </testcase> <!-- @AfterSuite tearDown -->
  <testcase classname="testng.testNGAnnotation.TestAfterSuite" name="@BeforeSuite setup" time="0.0">
    <ignored/>
  </testcase> <!-- @BeforeSuite setup -->
</testsuite> <!-- Test -->
